[+] Containers:
 |- [+] Container: /Game/Game/Maps/RockyLevel
 |   |- [+] ActorDescs:
 |   |   |- Guid:187FF52D4CBDE3504AE1D0B3E740F36E BaseClass: NativeClass:/Script/Landscape.LandscapeStreamingProxy Name:LandscapeStreamingProxy_8U8WYJXU2RORVIFX36HFCF02C_126_0_2_0 Label:LandscapeStreamingProxy_0_2_0 SpatiallyLoaded:1 Bounds:IsValid=true, Min=(X=-25200.000 Y=0.000 Z=0.000), Max=(X=-12600.000 Y=12600.000 Z=1686.719) RuntimeGrid:None EditorOnly:0 RuntimeOnly:0 HLODRelevant:1
 |   |   |- Guid:28A79DFD41AA78B86AE7CBBC8911271A BaseClass: NativeClass:/Script/Engine.ExponentialHeightFog Name:ExponentialHeightFog_UAID_54E1AD75FC57905501_1567633268 Label:ExponentialHeightFog SpatiallyLoaded:0 Bounds:IsValid=true, Min=(X=0.000 Y=0.000 Z=490.000), Max=(X=0.000 Y=0.000 Z=490.000) RuntimeGrid:None EditorOnly:0 RuntimeOnly:0 HLODRelevant:0 FolderPath:Lighting FolderGuid:ADDDC623436C73A77B5B3EABD49847EC
 |   |   |- Guid:28EE879145A32499966255B8BC0C213F BaseClass: NativeClass:/Script/Landscape.LandscapeStreamingProxy Name:LandscapeStreamingProxy_8U8WYJXU2RORVIFX36HFCF02C_126_1_1_0 Label:LandscapeStreamingProxy_1_1_0 SpatiallyLoaded:1 Bounds:IsValid=true, Min=(X=-12600.000 Y=-12600.000 Z=-1214.844), Max=(X=0.000 Y=0.000 Z=3163.281) RuntimeGrid:None EditorOnly:0 RuntimeOnly:0 HLODRelevant:1
 |   |   |- Guid:2906E34948F20FA7F5CAC2B88D2D0BEA BaseClass: NativeClass:/Script/Landscape.LandscapeStreamingProxy Name:LandscapeStreamingProxy_8U8WYJXU2RORVIFX36HFCF02C_126_1_2_0 Label:LandscapeStreamingProxy_1_2_0 SpatiallyLoaded:1 Bounds:IsValid=true, Min=(X=-12600.000 Y=0.000 Z=-288.281), Max=(X=0.000 Y=12600.000 Z=2767.969) RuntimeGrid:None EditorOnly:0 RuntimeOnly:0 HLODRelevant:1
 |   |   |- Guid:315F2D604CA166F2EC5563B8AD8C8592 BaseClass: NativeClass:/Script/Landscape.LandscapeStreamingProxy Name:LandscapeStreamingProxy_8U8WYJXU2RORVIFX36HFCF02C_126_0_1_0 Label:LandscapeStreamingProxy_0_1_0 SpatiallyLoaded:1 Bounds:IsValid=true, Min=(X=-25200.000 Y=-12600.000 Z=100.000), Max=(X=-12600.000 Y=0.000 Z=2810.156) RuntimeGrid:None EditorOnly:0 RuntimeOnly:0 HLODRelevant:1
 |   |   |- Guid:3180FD4848EA1D6515BEA5B4D1B66340 BaseClass:/Game/Game/BP/Core/Building/BP_House.BP_House_C NativeClass:/Script/Engine.Actor Name:BP_House_C_UAID_54E1AD75FC57A95501_1127699666 Label:BP_House SpatiallyLoaded:1 Bounds:IsValid=true, Min=(X=-1428.493 Y=-5080.708 Z=329.984), Max=(X=136.250 Y=-3159.292 Z=2003.439) RuntimeGrid:None EditorOnly:0 RuntimeOnly:0 HLODRelevant:0
 |   |   |- Guid:4E8010294A1F6317CB71A39B8F15D33F BaseClass: NativeClass:/Script/Engine.PlayerStart Name:PlayerStart_UAID_54E1AD75FC57995501_1510328847 Label:PlayerStart SpatiallyLoaded:0 Bounds:IsValid=true, Min=(X=-3623.756 Y=-8740.775 Z=827.050), Max=(X=-3543.756 Y=-8660.775 Z=1011.050) RuntimeGrid:None EditorOnly:0 RuntimeOnly:0 HLODRelevant:0
 |   |   |- Guid:4FF8390D4D838ABBD19C2B87067552CE BaseClass: NativeClass:/Script/Landscape.LandscapeStreamingProxy Name:LandscapeStreamingProxy_8U8WYJXU2RORVIFX36HFCF02C_126_3_1_0 Label:LandscapeStreamingProxy_3_1_0 SpatiallyLoaded:1 Bounds:IsValid=true, Min=(X=12600.000 Y=-12600.000 Z=-534.375), Max=(X=25200.000 Y=0.000 Z=287.500) RuntimeGrid:None EditorOnly:0 RuntimeOnly:0 HLODRelevant:1
 |   |   |- Guid:51A6D63942B06F14472E02AE2868250D BaseClass: NativeClass:/Script/Landscape.LandscapeStreamingProxy Name:LandscapeStreamingProxy_8U8WYJXU2RORVIFX36HFCF02C_126_3_2_0 Label:LandscapeStreamingProxy_3_2_0 SpatiallyLoaded:1 Bounds:IsValid=true, Min=(X=12600.000 Y=0.000 Z=-91.406), Max=(X=25200.000 Y=12600.000 Z=3483.594) RuntimeGrid:None EditorOnly:0 RuntimeOnly:0 HLODRelevant:1
 |   |   |- Guid:5C98750B4CB77FFFE7E074BCE2B11DD0 BaseClass: NativeClass:/Script/Engine.DirectionalLight Name:DirectionalLight_UAID_54E1AD75FC57905501_1546725265 Label:DirectionalLight SpatiallyLoaded:0 Bounds:IsValid=true, Min=(X=-4398046511104.000 Y=-4398046511104.000 Z=-4398046511104.000), Max=(X=4398046511104.000 Y=4398046511104.000 Z=4398046511104.000) RuntimeGrid:None EditorOnly:0 RuntimeOnly:0 HLODRelevant:0 FolderPath:Lighting FolderGuid:ADDDC623436C73A77B5B3EABD49847EC
 |   |   |- Guid:6BD4AFF4436A6591707E908378543BCB BaseClass: NativeClass:/Script/Engine.SkyAtmosphere Name:SkyAtmosphere_UAID_54E1AD75FC57905501_1563494267 Label:SkyAtmosphere SpatiallyLoaded:0 Bounds:IsValid=true, Min=(X=0.000 Y=0.000 Z=490.000), Max=(X=0.000 Y=0.000 Z=490.000) RuntimeGrid:None EditorOnly:0 RuntimeOnly:0 HLODRelevant:0 FolderPath:Lighting FolderGuid:ADDDC623436C73A77B5B3EABD49847EC
 |   |   |- Guid:8142A10C42351E49BAF40DB592569035 BaseClass: NativeClass:/Script/Landscape.LandscapeStreamingProxy Name:LandscapeStreamingProxy_8U8WYJXU2RORVIFX36HFCF02C_126_3_0_0 Label:LandscapeStreamingProxy_3_0_0 SpatiallyLoaded:1 Bounds:IsValid=true, Min=(X=12600.000 Y=-25200.000 Z=-996.875), Max=(X=25200.000 Y=-12600.000 Z=498.438) RuntimeGrid:None EditorOnly:0 RuntimeOnly:0 HLODRelevant:1
 |   |   |- Guid:822C5D154ECE345F4E8A1BBEE63F65BA BaseClass: NativeClass:/Script/Engine.VolumetricCloud Name:VolumetricCloud_UAID_54E1AD75FC57905501_1555905266 Label:VolumetricCloud SpatiallyLoaded:0 Bounds:IsValid=true, Min=(X=0.000 Y=0.000 Z=490.000), Max=(X=0.000 Y=0.000 Z=490.000) RuntimeGrid:None EditorOnly:0 RuntimeOnly:0 HLODRelevant:0 FolderPath:Lighting FolderGuid:ADDDC623436C73A77B5B3EABD49847EC
 |   |   |- Guid:97047E7549E427C56B79BDB00ED0F987 BaseClass:/Game/Game/BP/Core/Building/BP_TownHall.BP_TownHall_C NativeClass:/Script/Engine.Actor Name:BP_TownHall_C_UAID_54E1AD75FC57A55501_1483091961 Label:BP_TownHall SpatiallyLoaded:1 Bounds:IsValid=true, Min=(X=-1428.493 Y=-3020.708 Z=309.984), Max=(X=136.250 Y=-1099.292 Z=1983.439) RuntimeGrid:None EditorOnly:0 RuntimeOnly:0 HLODRelevant:0
 |   |   |- Guid:9B15DC784899CB578215A1A0376EC8E2 BaseClass: NativeClass:/Script/Landscape.LandscapeStreamingProxy Name:LandscapeStreamingProxy_8U8WYJXU2RORVIFX36HFCF02C_126_1_3_0 Label:LandscapeStreamingProxy_1_3_0 SpatiallyLoaded:1 Bounds:IsValid=true, Min=(X=-12600.000 Y=12600.000 Z=0.000), Max=(X=0.000 Y=25200.000 Z=2744.531) RuntimeGrid:None EditorOnly:0 RuntimeOnly:0 HLODRelevant:1
 |   |   |- Guid:9CC1CA6C47724E92DF1EDCB60CA6AC61 BaseClass: NativeClass:/Script/Landscape.LandscapeStreamingProxy Name:LandscapeStreamingProxy_8U8WYJXU2RORVIFX36HFCF02C_126_2_2_0 Label:LandscapeStreamingProxy_2_2_0 SpatiallyLoaded:1 Bounds:IsValid=true, Min=(X=0.000 Y=0.000 Z=-133.594), Max=(X=12600.000 Y=12600.000 Z=2502.344) RuntimeGrid:None EditorOnly:0 RuntimeOnly:0 HLODRelevant:1
 |   |   |- Guid:A44E8EFC48993736158FB3B3AEB6312B BaseClass: NativeClass:/Script/Landscape.LandscapeStreamingProxy Name:LandscapeStreamingProxy_8U8WYJXU2RORVIFX36HFCF02C_126_1_0_0 Label:LandscapeStreamingProxy_1_0_0 SpatiallyLoaded:1 Bounds:IsValid=true, Min=(X=-12600.000 Y=-25200.000 Z=95.312), Max=(X=0.000 Y=-12600.000 Z=2850.000) RuntimeGrid:None EditorOnly:0 RuntimeOnly:0 HLODRelevant:1
 |   |   |- Guid:AE6BC3074C5C6884FBCF8D93A98FAB7C BaseClass: NativeClass:/Script/Engine.WorldDataLayers Name:WorldDataLayers Label:WorldDataLayers SpatiallyLoaded:0 Bounds:IsValid=true, Min=(X=0.000 Y=0.000 Z=0.000), Max=(X=0.000 Y=0.000 Z=0.000) RuntimeGrid:None EditorOnly:0 RuntimeOnly:0 HLODRelevant:0
 |   |   |- Guid:AEDF0C5949BB422103473D90A211A0A8 BaseClass: NativeClass:/Script/Landscape.LandscapeStreamingProxy Name:LandscapeStreamingProxy_8U8WYJXU2RORVIFX36HFCF02C_126_0_3_0 Label:LandscapeStreamingProxy_0_3_0 SpatiallyLoaded:1 Bounds:IsValid=true, Min=(X=-25200.000 Y=12600.000 Z=0.000), Max=(X=-12600.000 Y=25200.000 Z=200.000) RuntimeGrid:None EditorOnly:0 RuntimeOnly:0 HLODRelevant:1
 |   |   |- Guid:B34962824F24703610C9AEADB0F1474D BaseClass: NativeClass:/Script/Engine.SkyLight Name:SkyLight_UAID_54E1AD75FC57905501_1530033264 Label:SkyLight SpatiallyLoaded:0 Bounds:IsValid=true, Min=(X=0.000 Y=0.000 Z=490.000), Max=(X=0.000 Y=0.000 Z=490.000) RuntimeGrid:None EditorOnly:0 RuntimeOnly:0 HLODRelevant:0 FolderPath:Lighting FolderGuid:ADDDC623436C73A77B5B3EABD49847EC
 |   |   |- Guid:BD4A215B4D9968CA344385923EEDC5C9 BaseClass: NativeClass:/Script/Landscape.LandscapeStreamingProxy Name:LandscapeStreamingProxy_8U8WYJXU2RORVIFX36HFCF02C_126_3_3_0 Label:LandscapeStreamingProxy_3_3_0 SpatiallyLoaded:1 Bounds:IsValid=true, Min=(X=12600.000 Y=12600.000 Z=100.000), Max=(X=25200.000 Y=25200.000 Z=2972.656) RuntimeGrid:None EditorOnly:0 RuntimeOnly:0 HLODRelevant:1
 |   |   |- Guid:CA87FC374225F6F3D059BC958688AB0E BaseClass: NativeClass:/Script/Landscape.LandscapeStreamingProxy Name:LandscapeStreamingProxy_8U8WYJXU2RORVIFX36HFCF02C_126_0_0_0 Label:LandscapeStreamingProxy_0_0_0 SpatiallyLoaded:1 Bounds:IsValid=true, Min=(X=-25200.000 Y=-25200.000 Z=0.000), Max=(X=-12600.000 Y=-12600.000 Z=2324.219) RuntimeGrid:None EditorOnly:0 RuntimeOnly:0 HLODRelevant:1
 |   |   |- Guid:CBA2B810486F1C3CD63897867E587BE1 BaseClass: NativeClass:/Script/Landscape.Landscape Name:Landscape_UAID_54E1AD75FC57905501_1691622269 Label:Landscape SpatiallyLoaded:0 Bounds:IsValid=true, Min=(X=-25200.000 Y=-25200.000 Z=100.000), Max=(X=-25200.000 Y=-25200.000 Z=100.000) RuntimeGrid:None EditorOnly:0 RuntimeOnly:0 HLODRelevant:0
 |   |   |- Guid:CC0A089C42EB6C899BCCFFA8C14DA077 BaseClass: NativeClass:/Script/Landscape.LandscapeStreamingProxy Name:LandscapeStreamingProxy_8U8WYJXU2RORVIFX36HFCF02C_126_2_0_0 Label:LandscapeStreamingProxy_2_0_0 SpatiallyLoaded:1 Bounds:IsValid=true, Min=(X=0.000 Y=-25200.000 Z=-173.438), Max=(X=12600.000 Y=-12600.000 Z=1732.812) RuntimeGrid:None EditorOnly:0 RuntimeOnly:0 HLODRelevant:1
 |   |   |- Guid:D291099F45C606F4401367B7073C9450 BaseClass:/Game/Game/BP/Core/Building/BP_Barracks.BP_Barracks_C NativeClass:/Script/Engine.Actor Name:BP_Barracks_C_UAID_54E1AD75FC57A95501_1132718667 Label:BP_Barracks SpatiallyLoaded:1 Bounds:IsValid=true, Min=(X=-1428.493 Y=-960.708 Z=339.984), Max=(X=136.250 Y=960.708 Z=2013.439) RuntimeGrid:None EditorOnly:0 RuntimeOnly:0 HLODRelevant:0
 |   |   |- Guid:EAABBC1242A7F82BCE68D99C4BAE8AD8 BaseClass: NativeClass:/Script/Landscape.LandscapeStreamingProxy Name:LandscapeStreamingProxy_8U8WYJXU2RORVIFX36HFCF02C_126_2_1_0 Label:LandscapeStreamingProxy_2_1_0 SpatiallyLoaded:1 Bounds:IsValid=true, Min=(X=0.000 Y=-12600.000 Z=-46.875), Max=(X=12600.000 Y=0.000 Z=736.719) RuntimeGrid:None EditorOnly:0 RuntimeOnly:0 HLODRelevant:1
 |   |   |- Guid:FAF341E04BB599EAD77344AA833255A4 BaseClass: NativeClass:/Script/Landscape.LandscapeStreamingProxy Name:LandscapeStreamingProxy_8U8WYJXU2RORVIFX36HFCF02C_126_2_3_0 Label:LandscapeStreamingProxy_2_3_0 SpatiallyLoaded:1 Bounds:IsValid=true, Min=(X=0.000 Y=12600.000 Z=0.000), Max=(X=12600.000 Y=25200.000 Z=2421.875) RuntimeGrid:None EditorOnly:0 RuntimeOnly:0 HLODRelevant:1
 |   |- [+] Clusters:
 |   |   |- [+] [  0]
 |   |   |   |- Guid:D291099F45C606F4401367B7073C9450 BaseClass:/Game/Game/BP/Core/Building/BP_Barracks.BP_Barracks_C NativeClass:/Script/Engine.Actor Name:BP_Barracks_C_UAID_54E1AD75FC57A95501_1132718667 Label:BP_Barracks SpatiallyLoaded:1 Bounds:IsValid=true, Min=(X=-1428.493 Y=-960.708 Z=339.984), Max=(X=136.250 Y=960.708 Z=2013.439) RuntimeGrid:None EditorOnly:0 RuntimeOnly:0 HLODRelevant:0
 |   |   |- [+] [  1]
 |   |   |   |- Guid:97047E7549E427C56B79BDB00ED0F987 BaseClass:/Game/Game/BP/Core/Building/BP_TownHall.BP_TownHall_C NativeClass:/Script/Engine.Actor Name:BP_TownHall_C_UAID_54E1AD75FC57A55501_1483091961 Label:BP_TownHall SpatiallyLoaded:1 Bounds:IsValid=true, Min=(X=-1428.493 Y=-3020.708 Z=309.984), Max=(X=136.250 Y=-1099.292 Z=1983.439) RuntimeGrid:None EditorOnly:0 RuntimeOnly:0 HLODRelevant:0
 |   |   |- [+] [  2]
 |   |   |   |- Guid:AEDF0C5949BB422103473D90A211A0A8 BaseClass: NativeClass:/Script/Landscape.LandscapeStreamingProxy Name:LandscapeStreamingProxy_8U8WYJXU2RORVIFX36HFCF02C_126_0_3_0 Label:LandscapeStreamingProxy_0_3_0 SpatiallyLoaded:1 Bounds:IsValid=true, Min=(X=-25200.000 Y=12600.000 Z=0.000), Max=(X=-12600.000 Y=25200.000 Z=200.000) RuntimeGrid:None EditorOnly:0 RuntimeOnly:0 HLODRelevant:1
 |   |   |- [+] [  3]
 |   |   |   |- Guid:5C98750B4CB77FFFE7E074BCE2B11DD0 BaseClass: NativeClass:/Script/Engine.DirectionalLight Name:DirectionalLight_UAID_54E1AD75FC57905501_1546725265 Label:DirectionalLight SpatiallyLoaded:0 Bounds:IsValid=true, Min=(X=-4398046511104.000 Y=-4398046511104.000 Z=-4398046511104.000), Max=(X=4398046511104.000 Y=4398046511104.000 Z=4398046511104.000) RuntimeGrid:None EditorOnly:0 RuntimeOnly:0 HLODRelevant:0 FolderPath:Lighting FolderGuid:ADDDC623436C73A77B5B3EABD49847EC
 |   |   |- [+] [  4]
 |   |   |   |- Guid:BD4A215B4D9968CA344385923EEDC5C9 BaseClass: NativeClass:/Script/Landscape.LandscapeStreamingProxy Name:LandscapeStreamingProxy_8U8WYJXU2RORVIFX36HFCF02C_126_3_3_0 Label:LandscapeStreamingProxy_3_3_0 SpatiallyLoaded:1 Bounds:IsValid=true, Min=(X=12600.000 Y=12600.000 Z=100.000), Max=(X=25200.000 Y=25200.000 Z=2972.656) RuntimeGrid:None EditorOnly:0 RuntimeOnly:0 HLODRelevant:1
 |   |   |- [+] [  5]
 |   |   |   |- Guid:AE6BC3074C5C6884FBCF8D93A98FAB7C BaseClass: NativeClass:/Script/Engine.WorldDataLayers Name:WorldDataLayers Label:WorldDataLayers SpatiallyLoaded:0 Bounds:IsValid=true, Min=(X=0.000 Y=0.000 Z=0.000), Max=(X=0.000 Y=0.000 Z=0.000) RuntimeGrid:None EditorOnly:0 RuntimeOnly:0 HLODRelevant:0
 |   |   |- [+] [  6]
 |   |   |   |- Guid:9B15DC784899CB578215A1A0376EC8E2 BaseClass: NativeClass:/Script/Landscape.LandscapeStreamingProxy Name:LandscapeStreamingProxy_8U8WYJXU2RORVIFX36HFCF02C_126_1_3_0 Label:LandscapeStreamingProxy_1_3_0 SpatiallyLoaded:1 Bounds:IsValid=true, Min=(X=-12600.000 Y=12600.000 Z=0.000), Max=(X=0.000 Y=25200.000 Z=2744.531) RuntimeGrid:None EditorOnly:0 RuntimeOnly:0 HLODRelevant:1
 |   |   |- [+] [  7]
 |   |   |   |- Guid:FAF341E04BB599EAD77344AA833255A4 BaseClass: NativeClass:/Script/Landscape.LandscapeStreamingProxy Name:LandscapeStreamingProxy_8U8WYJXU2RORVIFX36HFCF02C_126_2_3_0 Label:LandscapeStreamingProxy_2_3_0 SpatiallyLoaded:1 Bounds:IsValid=true, Min=(X=0.000 Y=12600.000 Z=0.000), Max=(X=12600.000 Y=25200.000 Z=2421.875) RuntimeGrid:None EditorOnly:0 RuntimeOnly:0 HLODRelevant:1
 |   |   |- [+] [  8]
 |   |   |   |- Guid:51A6D63942B06F14472E02AE2868250D BaseClass: NativeClass:/Script/Landscape.LandscapeStreamingProxy Name:LandscapeStreamingProxy_8U8WYJXU2RORVIFX36HFCF02C_126_3_2_0 Label:LandscapeStreamingProxy_3_2_0 SpatiallyLoaded:1 Bounds:IsValid=true, Min=(X=12600.000 Y=0.000 Z=-91.406), Max=(X=25200.000 Y=12600.000 Z=3483.594) RuntimeGrid:None EditorOnly:0 RuntimeOnly:0 HLODRelevant:1
 |   |   |- [+] [  9]
 |   |   |   |- Guid:822C5D154ECE345F4E8A1BBEE63F65BA BaseClass: NativeClass:/Script/Engine.VolumetricCloud Name:VolumetricCloud_UAID_54E1AD75FC57905501_1555905266 Label:VolumetricCloud SpatiallyLoaded:0 Bounds:IsValid=true, Min=(X=0.000 Y=0.000 Z=490.000), Max=(X=0.000 Y=0.000 Z=490.000) RuntimeGrid:None EditorOnly:0 RuntimeOnly:0 HLODRelevant:0 FolderPath:Lighting FolderGuid:ADDDC623436C73A77B5B3EABD49847EC
 |   |   |- [+] [ 10]
 |   |   |   |- Guid:3180FD4848EA1D6515BEA5B4D1B66340 BaseClass:/Game/Game/BP/Core/Building/BP_House.BP_House_C NativeClass:/Script/Engine.Actor Name:BP_House_C_UAID_54E1AD75FC57A95501_1127699666 Label:BP_House SpatiallyLoaded:1 Bounds:IsValid=true, Min=(X=-1428.493 Y=-5080.708 Z=329.984), Max=(X=136.250 Y=-3159.292 Z=2003.439) RuntimeGrid:None EditorOnly:0 RuntimeOnly:0 HLODRelevant:0
 |   |   |- [+] [ 11]
 |   |   |   |- Guid:4FF8390D4D838ABBD19C2B87067552CE BaseClass: NativeClass:/Script/Landscape.LandscapeStreamingProxy Name:LandscapeStreamingProxy_8U8WYJXU2RORVIFX36HFCF02C_126_3_1_0 Label:LandscapeStreamingProxy_3_1_0 SpatiallyLoaded:1 Bounds:IsValid=true, Min=(X=12600.000 Y=-12600.000 Z=-534.375), Max=(X=25200.000 Y=0.000 Z=287.500) RuntimeGrid:None EditorOnly:0 RuntimeOnly:0 HLODRelevant:1
 |   |   |- [+] [ 12]
 |   |   |   |- Guid:6BD4AFF4436A6591707E908378543BCB BaseClass: NativeClass:/Script/Engine.SkyAtmosphere Name:SkyAtmosphere_UAID_54E1AD75FC57905501_1563494267 Label:SkyAtmosphere SpatiallyLoaded:0 Bounds:IsValid=true, Min=(X=0.000 Y=0.000 Z=490.000), Max=(X=0.000 Y=0.000 Z=490.000) RuntimeGrid:None EditorOnly:0 RuntimeOnly:0 HLODRelevant:0 FolderPath:Lighting FolderGuid:ADDDC623436C73A77B5B3EABD49847EC
 |   |   |- [+] [ 13]
 |   |   |   |- Guid:2906E34948F20FA7F5CAC2B88D2D0BEA BaseClass: NativeClass:/Script/Landscape.LandscapeStreamingProxy Name:LandscapeStreamingProxy_8U8WYJXU2RORVIFX36HFCF02C_126_1_2_0 Label:LandscapeStreamingProxy_1_2_0 SpatiallyLoaded:1 Bounds:IsValid=true, Min=(X=-12600.000 Y=0.000 Z=-288.281), Max=(X=0.000 Y=12600.000 Z=2767.969) RuntimeGrid:None EditorOnly:0 RuntimeOnly:0 HLODRelevant:1
 |   |   |- [+] [ 14]
 |   |   |   |- Guid:CC0A089C42EB6C899BCCFFA8C14DA077 BaseClass: NativeClass:/Script/Landscape.LandscapeStreamingProxy Name:LandscapeStreamingProxy_8U8WYJXU2RORVIFX36HFCF02C_126_2_0_0 Label:LandscapeStreamingProxy_2_0_0 SpatiallyLoaded:1 Bounds:IsValid=true, Min=(X=0.000 Y=-25200.000 Z=-173.438), Max=(X=12600.000 Y=-12600.000 Z=1732.812) RuntimeGrid:None EditorOnly:0 RuntimeOnly:0 HLODRelevant:1
 |   |   |- [+] [ 15]
 |   |   |   |- Guid:187FF52D4CBDE3504AE1D0B3E740F36E BaseClass: NativeClass:/Script/Landscape.LandscapeStreamingProxy Name:LandscapeStreamingProxy_8U8WYJXU2RORVIFX36HFCF02C_126_0_2_0 Label:LandscapeStreamingProxy_0_2_0 SpatiallyLoaded:1 Bounds:IsValid=true, Min=(X=-25200.000 Y=0.000 Z=0.000), Max=(X=-12600.000 Y=12600.000 Z=1686.719) RuntimeGrid:None EditorOnly:0 RuntimeOnly:0 HLODRelevant:1
 |   |   |- [+] [ 16]
 |   |   |   |- Guid:315F2D604CA166F2EC5563B8AD8C8592 BaseClass: NativeClass:/Script/Landscape.LandscapeStreamingProxy Name:LandscapeStreamingProxy_8U8WYJXU2RORVIFX36HFCF02C_126_0_1_0 Label:LandscapeStreamingProxy_0_1_0 SpatiallyLoaded:1 Bounds:IsValid=true, Min=(X=-25200.000 Y=-12600.000 Z=100.000), Max=(X=-12600.000 Y=0.000 Z=2810.156) RuntimeGrid:None EditorOnly:0 RuntimeOnly:0 HLODRelevant:1
 |   |   |- [+] [ 17]
 |   |   |   |- Guid:CBA2B810486F1C3CD63897867E587BE1 BaseClass: NativeClass:/Script/Landscape.Landscape Name:Landscape_UAID_54E1AD75FC57905501_1691622269 Label:Landscape SpatiallyLoaded:0 Bounds:IsValid=true, Min=(X=-25200.000 Y=-25200.000 Z=100.000), Max=(X=-25200.000 Y=-25200.000 Z=100.000) RuntimeGrid:None EditorOnly:0 RuntimeOnly:0 HLODRelevant:0
 |   |   |- [+] [ 18]
 |   |   |   |- Guid:EAABBC1242A7F82BCE68D99C4BAE8AD8 BaseClass: NativeClass:/Script/Landscape.LandscapeStreamingProxy Name:LandscapeStreamingProxy_8U8WYJXU2RORVIFX36HFCF02C_126_2_1_0 Label:LandscapeStreamingProxy_2_1_0 SpatiallyLoaded:1 Bounds:IsValid=true, Min=(X=0.000 Y=-12600.000 Z=-46.875), Max=(X=12600.000 Y=0.000 Z=736.719) RuntimeGrid:None EditorOnly:0 RuntimeOnly:0 HLODRelevant:1
 |   |   |- [+] [ 19]
 |   |   |   |- Guid:A44E8EFC48993736158FB3B3AEB6312B BaseClass: NativeClass:/Script/Landscape.LandscapeStreamingProxy Name:LandscapeStreamingProxy_8U8WYJXU2RORVIFX36HFCF02C_126_1_0_0 Label:LandscapeStreamingProxy_1_0_0 SpatiallyLoaded:1 Bounds:IsValid=true, Min=(X=-12600.000 Y=-25200.000 Z=95.312), Max=(X=0.000 Y=-12600.000 Z=2850.000) RuntimeGrid:None EditorOnly:0 RuntimeOnly:0 HLODRelevant:1
 |   |   |- [+] [ 20]
 |   |   |   |- Guid:9CC1CA6C47724E92DF1EDCB60CA6AC61 BaseClass: NativeClass:/Script/Landscape.LandscapeStreamingProxy Name:LandscapeStreamingProxy_8U8WYJXU2RORVIFX36HFCF02C_126_2_2_0 Label:LandscapeStreamingProxy_2_2_0 SpatiallyLoaded:1 Bounds:IsValid=true, Min=(X=0.000 Y=0.000 Z=-133.594), Max=(X=12600.000 Y=12600.000 Z=2502.344) RuntimeGrid:None EditorOnly:0 RuntimeOnly:0 HLODRelevant:1
 |   |   |- [+] [ 21]
 |   |   |   |- Guid:28EE879145A32499966255B8BC0C213F BaseClass: NativeClass:/Script/Landscape.LandscapeStreamingProxy Name:LandscapeStreamingProxy_8U8WYJXU2RORVIFX36HFCF02C_126_1_1_0 Label:LandscapeStreamingProxy_1_1_0 SpatiallyLoaded:1 Bounds:IsValid=true, Min=(X=-12600.000 Y=-12600.000 Z=-1214.844), Max=(X=0.000 Y=0.000 Z=3163.281) RuntimeGrid:None EditorOnly:0 RuntimeOnly:0 HLODRelevant:1
 |   |   |- [+] [ 22]
 |   |   |   |- Guid:8142A10C42351E49BAF40DB592569035 BaseClass: NativeClass:/Script/Landscape.LandscapeStreamingProxy Name:LandscapeStreamingProxy_8U8WYJXU2RORVIFX36HFCF02C_126_3_0_0 Label:LandscapeStreamingProxy_3_0_0 SpatiallyLoaded:1 Bounds:IsValid=true, Min=(X=12600.000 Y=-25200.000 Z=-996.875), Max=(X=25200.000 Y=-12600.000 Z=498.438) RuntimeGrid:None EditorOnly:0 RuntimeOnly:0 HLODRelevant:1
 |   |   |- [+] [ 23]
 |   |   |   |- Guid:28A79DFD41AA78B86AE7CBBC8911271A BaseClass: NativeClass:/Script/Engine.ExponentialHeightFog Name:ExponentialHeightFog_UAID_54E1AD75FC57905501_1567633268 Label:ExponentialHeightFog SpatiallyLoaded:0 Bounds:IsValid=true, Min=(X=0.000 Y=0.000 Z=490.000), Max=(X=0.000 Y=0.000 Z=490.000) RuntimeGrid:None EditorOnly:0 RuntimeOnly:0 HLODRelevant:0 FolderPath:Lighting FolderGuid:ADDDC623436C73A77B5B3EABD49847EC
 |   |   |- [+] [ 24]
 |   |   |   |- Guid:4E8010294A1F6317CB71A39B8F15D33F BaseClass: NativeClass:/Script/Engine.PlayerStart Name:PlayerStart_UAID_54E1AD75FC57995501_1510328847 Label:PlayerStart SpatiallyLoaded:0 Bounds:IsValid=true, Min=(X=-3623.756 Y=-8740.775 Z=827.050), Max=(X=-3543.756 Y=-8660.775 Z=1011.050) RuntimeGrid:None EditorOnly:0 RuntimeOnly:0 HLODRelevant:0
 |   |   |- [+] [ 25]
 |   |   |   |- Guid:B34962824F24703610C9AEADB0F1474D BaseClass: NativeClass:/Script/Engine.SkyLight Name:SkyLight_UAID_54E1AD75FC57905501_1530033264 Label:SkyLight SpatiallyLoaded:0 Bounds:IsValid=true, Min=(X=0.000 Y=0.000 Z=490.000), Max=(X=0.000 Y=0.000 Z=490.000) RuntimeGrid:None EditorOnly:0 RuntimeOnly:0 HLODRelevant:0 FolderPath:Lighting FolderGuid:ADDDC623436C73A77B5B3EABD49847EC
 |   |   |- [+] [ 26]
 |   |   |   |- Guid:CA87FC374225F6F3D059BC958688AB0E BaseClass: NativeClass:/Script/Landscape.LandscapeStreamingProxy Name:LandscapeStreamingProxy_8U8WYJXU2RORVIFX36HFCF02C_126_0_0_0 Label:LandscapeStreamingProxy_0_0_0 SpatiallyLoaded:1 Bounds:IsValid=true, Min=(X=-25200.000 Y=-25200.000 Z=0.000), Max=(X=-12600.000 Y=-12600.000 Z=2324.219) RuntimeGrid:None EditorOnly:0 RuntimeOnly:0 HLODRelevant:1
 |- ContainerInstances:
 |- [+] MainContainer:
 |   |-        ID: 0x0000000000000000
 |   |-    Bounds: IsValid=true, Min=(X=-25200.000 Y=-25200.000 Z=-1214.844), Max=(X=25200.000 Y=25200.000 Z=3483.594)
 |   |- Transform: 0.000000,0.000000,0.000000|0.000000,0.000000,-0.000000|1.000000,1.000000,1.000000
 |   |- Container: /Game/Game/Maps/RockyLevel
----------------------------------------------------------------------------------------------------------------
RockyLevel - Persistent Level
----------------------------------------------------------------------------------------------------------------
Always loaded Actor Count: 36 

----------------------------------------------------------------------------------------------------------------
RockyLevel - Runtime Spatial Hash - Streaming Grid - MainGrid
----------------------------------------------------------------------------------------------------------------
            Origin: X=0.000 Y=0.000 Z=0.000
         Cell Size: 12800
      World Bounds: IsValid=true, Min=(X=-25200.000 Y=-25200.000 Z=-1214.844), Max=(X=25200.000 Y=25200.000 Z=3483.594)
     Loading Range: 25600.00
Block Slow Loading: No
 ClientOnlyVisible: No

[+] Grid Levels: 3
 |- Level  0: Cell Count   16 | Cell Size   12800 | Actor Count   16 (100.0%)
 |- Level  1: Cell Count    0 | Cell Size   25600 | Actor Count    0 (0.0%)
 |- Level  2: Cell Count    0 | Cell Size   51200 | Actor Count    0 (0.0%)

[+] Content of Grid Level 0
 |- [+] Content of Cell MainGrid_L0_X-2_Y1
 |   |- Actor Count: 1
 |   |- MinMaxZ: X=0.000 Y=200.000
 |   |- Actor Path: /Game/Game/Maps/RockyLevel.RockyLevel:PersistentLevel.LandscapeStreamingProxy_8U8WYJXU2RORVIFX36HFCF02C_126_0_3_0
 |   |- Actor Package: /Game/__ExternalActors__/Game/Maps/RockyLevel/0/P5/A4FY0CY6QUSHTN1VZSUNBM
 |- [+] Content of Cell MainGrid_L0_X1_Y1
 |   |- Actor Count: 1
 |   |- MinMaxZ: X=100.000 Y=2972.656
 |   |- Actor Path: /Game/Game/Maps/RockyLevel.RockyLevel:PersistentLevel.LandscapeStreamingProxy_8U8WYJXU2RORVIFX36HFCF02C_126_3_3_0
 |   |- Actor Package: /Game/__ExternalActors__/Game/Maps/RockyLevel/1/CF/FYWWBX80PEPF6A3Y1A3XPE
 |- [+] Content of Cell MainGrid_L0_X-1_Y1
 |   |- Actor Count: 1
 |   |- MinMaxZ: X=0.000 Y=2744.531
 |   |- Actor Path: /Game/Game/Maps/RockyLevel.RockyLevel:PersistentLevel.LandscapeStreamingProxy_8U8WYJXU2RORVIFX36HFCF02C_126_1_3_0
 |   |- Actor Package: /Game/__ExternalActors__/Game/Maps/RockyLevel/3/9D/5OJ5EPQ2CY5R0WT7YSFRA4
 |- [+] Content of Cell MainGrid_L0_X0_Y1
 |   |- Actor Count: 1
 |   |- MinMaxZ: X=0.000 Y=2421.875
 |   |- Actor Path: /Game/Game/Maps/RockyLevel.RockyLevel:PersistentLevel.LandscapeStreamingProxy_8U8WYJXU2RORVIFX36HFCF02C_126_2_3_0
 |   |- Actor Package: /Game/__ExternalActors__/Game/Maps/RockyLevel/3/LL/BHU4Z069Q9MXHOLDBL35RC
 |- [+] Content of Cell MainGrid_L0_X1_Y0
 |   |- Actor Count: 1
 |   |- MinMaxZ: X=-91.406 Y=3483.594
 |   |- Actor Path: /Game/Game/Maps/RockyLevel.RockyLevel:PersistentLevel.LandscapeStreamingProxy_8U8WYJXU2RORVIFX36HFCF02C_126_3_2_0
 |   |- Actor Package: /Game/__ExternalActors__/Game/Maps/RockyLevel/3/PP/XC25HNWA0DKBISFO49FWMS
 |- [+] Content of Cell MainGrid_L0_X1_Y-1
 |   |- Actor Count: 1
 |   |- MinMaxZ: X=-534.375 Y=287.500
 |   |- Actor Path: /Game/Game/Maps/RockyLevel.RockyLevel:PersistentLevel.LandscapeStreamingProxy_8U8WYJXU2RORVIFX36HFCF02C_126_3_1_0
 |   |- Actor Package: /Game/__ExternalActors__/Game/Maps/RockyLevel/5/Y4/BSLEZEMW72FHBFDNGM3G2E
 |- [+] Content of Cell MainGrid_L0_X-1_Y0
 |   |- Actor Count: 1
 |   |- MinMaxZ: X=-288.281 Y=2767.969
 |   |- Actor Path: /Game/Game/Maps/RockyLevel.RockyLevel:PersistentLevel.LandscapeStreamingProxy_8U8WYJXU2RORVIFX36HFCF02C_126_1_2_0
 |   |- Actor Package: /Game/__ExternalActors__/Game/Maps/RockyLevel/6/NG/5NGY2IZCFPKH6GEW91ADAT
 |- [+] Content of Cell MainGrid_L0_X0_Y-2
 |   |- Actor Count: 1
 |   |- MinMaxZ: X=-173.438 Y=1732.812
 |   |- Actor Path: /Game/Game/Maps/RockyLevel.RockyLevel:PersistentLevel.LandscapeStreamingProxy_8U8WYJXU2RORVIFX36HFCF02C_126_2_0_0
 |   |- Actor Package: /Game/__ExternalActors__/Game/Maps/RockyLevel/7/0Q/IQ2O2CALYCWOSYMT00XPWD
 |- [+] Content of Cell MainGrid_L0_X-2_Y0
 |   |- Actor Count: 1
 |   |- MinMaxZ: X=0.000 Y=1686.719
 |   |- Actor Path: /Game/Game/Maps/RockyLevel.RockyLevel:PersistentLevel.LandscapeStreamingProxy_8U8WYJXU2RORVIFX36HFCF02C_126_0_2_0
 |   |- Actor Package: /Game/__ExternalActors__/Game/Maps/RockyLevel/8/67/KBQZ7FBMKBZLFLL8H4FCB2
 |- [+] Content of Cell MainGrid_L0_X-2_Y-1
 |   |- Actor Count: 1
 |   |- MinMaxZ: X=100.000 Y=2810.156
 |   |- Actor Path: /Game/Game/Maps/RockyLevel.RockyLevel:PersistentLevel.LandscapeStreamingProxy_8U8WYJXU2RORVIFX36HFCF02C_126_0_1_0
 |   |- Actor Package: /Game/__ExternalActors__/Game/Maps/RockyLevel/9/9F/C70OP1PZ2S8OOESHH74TRD
 |- [+] Content of Cell MainGrid_L0_X0_Y-1
 |   |- Actor Count: 1
 |   |- MinMaxZ: X=-46.875 Y=736.719
 |   |- Actor Path: /Game/Game/Maps/RockyLevel.RockyLevel:PersistentLevel.LandscapeStreamingProxy_8U8WYJXU2RORVIFX36HFCF02C_126_2_1_0
 |   |- Actor Package: /Game/__ExternalActors__/Game/Maps/RockyLevel/A/CW/5F2O6IGU32AFNMZYGRLX42
 |- [+] Content of Cell MainGrid_L0_X-1_Y-2
 |   |- Actor Count: 1
 |   |- MinMaxZ: X=95.312 Y=2850.000
 |   |- Actor Path: /Game/Game/Maps/RockyLevel.RockyLevel:PersistentLevel.LandscapeStreamingProxy_8U8WYJXU2RORVIFX36HFCF02C_126_1_0_0
 |   |- Actor Package: /Game/__ExternalActors__/Game/Maps/RockyLevel/A/DT/EEV6S68ZPBENEAVONEM0NO
 |- [+] Content of Cell MainGrid_L0_X0_Y0
 |   |- Actor Count: 1
 |   |- MinMaxZ: X=-133.594 Y=2502.344
 |   |- Actor Path: /Game/Game/Maps/RockyLevel.RockyLevel:PersistentLevel.LandscapeStreamingProxy_8U8WYJXU2RORVIFX36HFCF02C_126_2_2_0
 |   |- Actor Package: /Game/__ExternalActors__/Game/Maps/RockyLevel/B/SJ/VEV0D31Z6L7USV2521XALC
 |- [+] Content of Cell MainGrid_L0_X-1_Y-1
 |   |- Actor Count: 1
 |   |- MinMaxZ: X=-1214.844 Y=3163.281
 |   |- Actor Path: /Game/Game/Maps/RockyLevel.RockyLevel:PersistentLevel.LandscapeStreamingProxy_8U8WYJXU2RORVIFX36HFCF02C_126_1_1_0
 |   |- Actor Package: /Game/__ExternalActors__/Game/Maps/RockyLevel/B/YA/UTFRWT7VTG7T17FY6CVUK3
 |- [+] Content of Cell MainGrid_L0_X1_Y-2
 |   |- Actor Count: 1
 |   |- MinMaxZ: X=-996.875 Y=498.438
 |   |- Actor Path: /Game/Game/Maps/RockyLevel.RockyLevel:PersistentLevel.LandscapeStreamingProxy_8U8WYJXU2RORVIFX36HFCF02C_126_3_0_0
 |   |- Actor Package: /Game/__ExternalActors__/Game/Maps/RockyLevel/D/0U/UKUYXO17EOVOHIB2QQGZ51
 |- [+] Content of Cell MainGrid_L0_X-2_Y-2
 |   |- Actor Count: 1
 |   |- MinMaxZ: X=0.000 Y=2324.219
 |   |- Actor Path: /Game/Game/Maps/RockyLevel.RockyLevel:PersistentLevel.LandscapeStreamingProxy_8U8WYJXU2RORVIFX36HFCF02C_126_0_0_0
 |   |- Actor Package: /Game/__ExternalActors__/Game/Maps/RockyLevel/F/1H/6XXU3MR6ARH0SUARQ7F6G2
[+] Content of Grid Level 1
[+] Content of Grid Level 2

