[+] Containers:
 |- [+] Container: /Game/Game/Maps/RockyLevel
 |   |- [+] ActorDescs:
 |   |   |- Guid:187FF52D4CBDE3504AE1D0B3E740F36E BaseClass: NativeClass:/Script/Landscape.LandscapeStreamingProxy Name:LandscapeStreamingProxy_8U8WYJXU2RORVIFX36HFCF02C_126_0_2_0 Label:LandscapeStreamingProxy_0_2_0 SpatiallyLoaded:1 Bounds:IsValid=true, Min=(X=-25200.000 Y=0.000 Z=0.000), Max=(X=-12600.000 Y=12600.000 Z=1686.719) RuntimeGrid:None EditorOnly:0 RuntimeOnly:0 HLODRelevant:1
 |   |   |- Guid:253F10E341D06A14820E60AFC3A67C7B BaseClass: NativeClass:/Script/Engine.StaticMeshActor Name:StaticMeshActor_UAID_54E1AD75FC57915501_1141989458 Label:RTS_Env_Fire_GrimStatue002 SpatiallyLoaded:1 Bounds:IsValid=true, Min=(X=1133.046 Y=-8400.001 Z=60.000), Max=(X=1206.954 Y=-8329.501 Z=187.160) RuntimeGrid:None EditorOnly:0 RuntimeOnly:0 HLODRelevant:1
 |   |   |- Guid:28A79DFD41AA78B86AE7CBBC8911271A BaseClass: NativeClass:/Script/Engine.ExponentialHeightFog Name:ExponentialHeightFog_UAID_54E1AD75FC57905501_1567633268 Label:ExponentialHeightFog SpatiallyLoaded:0 Bounds:IsValid=true, Min=(X=0.000 Y=0.000 Z=490.000), Max=(X=0.000 Y=0.000 Z=490.000) RuntimeGrid:None EditorOnly:0 RuntimeOnly:0 HLODRelevant:0 FolderPath:Lighting FolderGuid:ADDDC623436C73A77B5B3EABD49847EC
 |   |   |- Guid:28EE879145A32499966255B8BC0C213F BaseClass: NativeClass:/Script/Landscape.LandscapeStreamingProxy Name:LandscapeStreamingProxy_8U8WYJXU2RORVIFX36HFCF02C_126_1_1_0 Label:LandscapeStreamingProxy_1_1_0 SpatiallyLoaded:1 Bounds:IsValid=true, Min=(X=-12600.000 Y=-12600.000 Z=71.875), Max=(X=0.000 Y=0.000 Z=2605.469) RuntimeGrid:None EditorOnly:0 RuntimeOnly:0 HLODRelevant:1
 |   |   |- Guid:2906E34948F20FA7F5CAC2B88D2D0BEA BaseClass: NativeClass:/Script/Landscape.LandscapeStreamingProxy Name:LandscapeStreamingProxy_8U8WYJXU2RORVIFX36HFCF02C_126_1_2_0 Label:LandscapeStreamingProxy_1_2_0 SpatiallyLoaded:1 Bounds:IsValid=true, Min=(X=-12600.000 Y=0.000 Z=-288.281), Max=(X=0.000 Y=12600.000 Z=2767.969) RuntimeGrid:None EditorOnly:0 RuntimeOnly:0 HLODRelevant:1
 |   |   |- Guid:315F2D604CA166F2EC5563B8AD8C8592 BaseClass: NativeClass:/Script/Landscape.LandscapeStreamingProxy Name:LandscapeStreamingProxy_8U8WYJXU2RORVIFX36HFCF02C_126_0_1_0 Label:LandscapeStreamingProxy_0_1_0 SpatiallyLoaded:1 Bounds:IsValid=true, Min=(X=-25200.000 Y=-12600.000 Z=100.000), Max=(X=-12600.000 Y=0.000 Z=2810.156) RuntimeGrid:None EditorOnly:0 RuntimeOnly:0 HLODRelevant:1
 |   |   |- Guid:3C620F4C4520E0E602D9BB8AEF9B5B8A BaseClass: NativeClass:/Script/Engine.StaticMeshActor Name:StaticMeshActor_UAID_54E1AD75FC57915501_1191453466 Label:Sm_TD_Brewery_01_Add_B SpatiallyLoaded:1 Bounds:IsValid=true, Min=(X=511.700 Y=-9221.345 Z=119.408), Max=(X=879.155 Y=-8819.603 Z=451.684) RuntimeGrid:None EditorOnly:0 RuntimeOnly:0 HLODRelevant:1
 |   |   |- Guid:3FB9F11B4361A81D41D9338AFA573B84 BaseClass: NativeClass:/Script/Engine.StaticMeshActor Name:StaticMeshActor_UAID_54E1AD75FC57915501_1149902461 Label:RTS_Env_Ice_Fort_Trim_2 SpatiallyLoaded:1 Bounds:IsValid=true, Min=(X=1898.887 Y=-8300.000 Z=-3.663), Max=(X=2121.113 Y=-8266.961 Z=103.663) RuntimeGrid:None EditorOnly:0 RuntimeOnly:0 HLODRelevant:1
 |   |   |- Guid:4E8010294A1F6317CB71A39B8F15D33F BaseClass: NativeClass:/Script/Engine.PlayerStart Name:PlayerStart_UAID_54E1AD75FC57995501_1510328847 Label:PlayerStart SpatiallyLoaded:0 Bounds:IsValid=true, Min=(X=166.244 Y=-8100.775 Z=207.050), Max=(X=246.244 Y=-8020.775 Z=391.050) RuntimeGrid:None EditorOnly:0 RuntimeOnly:0 HLODRelevant:0
 |   |   |- Guid:4FF8390D4D838ABBD19C2B87067552CE BaseClass: NativeClass:/Script/Landscape.LandscapeStreamingProxy Name:LandscapeStreamingProxy_8U8WYJXU2RORVIFX36HFCF02C_126_3_1_0 Label:LandscapeStreamingProxy_3_1_0 SpatiallyLoaded:1 Bounds:IsValid=true, Min=(X=12600.000 Y=-12600.000 Z=-534.375), Max=(X=25200.000 Y=0.000 Z=287.500) RuntimeGrid:None EditorOnly:0 RuntimeOnly:0 HLODRelevant:1
 |   |   |- Guid:51A6D63942B06F14472E02AE2868250D BaseClass: NativeClass:/Script/Landscape.LandscapeStreamingProxy Name:LandscapeStreamingProxy_8U8WYJXU2RORVIFX36HFCF02C_126_3_2_0 Label:LandscapeStreamingProxy_3_2_0 SpatiallyLoaded:1 Bounds:IsValid=true, Min=(X=12600.000 Y=0.000 Z=-91.406), Max=(X=25200.000 Y=12600.000 Z=3483.594) RuntimeGrid:None EditorOnly:0 RuntimeOnly:0 HLODRelevant:1
 |   |   |- Guid:5B7CA67640D58F14CDDB14AC719E4E57 BaseClass: NativeClass:/Script/Engine.StaticMeshActor Name:StaticMeshActor_UAID_54E1AD75FC57915501_1183886465 Label:Sm_TD_Brewery_01_Add_A SpatiallyLoaded:1 Bounds:IsValid=true, Min=(X=1036.273 Y=-9170.871 Z=70.000), Max=(X=1403.727 Y=-8769.129 Z=402.276) RuntimeGrid:None EditorOnly:0 RuntimeOnly:0 HLODRelevant:1
 |   |   |- Guid:5C98750B4CB77FFFE7E074BCE2B11DD0 BaseClass: NativeClass:/Script/Engine.DirectionalLight Name:DirectionalLight_UAID_54E1AD75FC57905501_1546725265 Label:DirectionalLight SpatiallyLoaded:0 Bounds:IsValid=true, Min=(X=-4398046511104.000 Y=-4398046511104.000 Z=-4398046511104.000), Max=(X=4398046511104.000 Y=4398046511104.000 Z=4398046511104.000) RuntimeGrid:None EditorOnly:0 RuntimeOnly:0 HLODRelevant:0 FolderPath:Lighting FolderGuid:ADDDC623436C73A77B5B3EABD49847EC
 |   |   |- Guid:68A726034BD056F723701B8EC13062AD BaseClass: NativeClass:/Script/Engine.StaticMeshActor Name:StaticMeshActor_UAID_54E1AD75FC57905501_2074638274 Label:CannonTower_StaticElement SpatiallyLoaded:1 Bounds:IsValid=true, Min=(X=527.353 Y=-8498.663 Z=109.762), Max=(X=872.647 Y=-8184.483 Z=246.965) RuntimeGrid:None EditorOnly:0 RuntimeOnly:0 HLODRelevant:1
 |   |   |- Guid:6BD4AFF4436A6591707E908378543BCB BaseClass: NativeClass:/Script/Engine.SkyAtmosphere Name:SkyAtmosphere_UAID_54E1AD75FC57905501_1563494267 Label:SkyAtmosphere SpatiallyLoaded:0 Bounds:IsValid=true, Min=(X=0.000 Y=0.000 Z=490.000), Max=(X=0.000 Y=0.000 Z=490.000) RuntimeGrid:None EditorOnly:0 RuntimeOnly:0 HLODRelevant:0 FolderPath:Lighting FolderGuid:ADDDC623436C73A77B5B3EABD49847EC
 |   |   |- Guid:8142A10C42351E49BAF40DB592569035 BaseClass: NativeClass:/Script/Landscape.LandscapeStreamingProxy Name:LandscapeStreamingProxy_8U8WYJXU2RORVIFX36HFCF02C_126_3_0_0 Label:LandscapeStreamingProxy_3_0_0 SpatiallyLoaded:1 Bounds:IsValid=true, Min=(X=12600.000 Y=-25200.000 Z=-996.875), Max=(X=25200.000 Y=-12600.000 Z=498.438) RuntimeGrid:None EditorOnly:0 RuntimeOnly:0 HLODRelevant:1
 |   |   |- Guid:822C5D154ECE345F4E8A1BBEE63F65BA BaseClass: NativeClass:/Script/Engine.VolumetricCloud Name:VolumetricCloud_UAID_54E1AD75FC57905501_1555905266 Label:VolumetricCloud SpatiallyLoaded:0 Bounds:IsValid=true, Min=(X=0.000 Y=0.000 Z=490.000), Max=(X=0.000 Y=0.000 Z=490.000) RuntimeGrid:None EditorOnly:0 RuntimeOnly:0 HLODRelevant:0 FolderPath:Lighting FolderGuid:ADDDC623436C73A77B5B3EABD49847EC
 |   |   |- Guid:9B15DC784899CB578215A1A0376EC8E2 BaseClass: NativeClass:/Script/Landscape.LandscapeStreamingProxy Name:LandscapeStreamingProxy_8U8WYJXU2RORVIFX36HFCF02C_126_1_3_0 Label:LandscapeStreamingProxy_1_3_0 SpatiallyLoaded:1 Bounds:IsValid=true, Min=(X=-12600.000 Y=12600.000 Z=0.000), Max=(X=0.000 Y=25200.000 Z=2744.531) RuntimeGrid:None EditorOnly:0 RuntimeOnly:0 HLODRelevant:1
 |   |   |- Guid:9CACC0F34846305F4F38059F39A662AC BaseClass: NativeClass:/Script/Engine.StaticMeshActor Name:StaticMeshActor_UAID_54E1AD75FC57915501_1172049464 Label:Sm_TD_Brewery_01 SpatiallyLoaded:1 Bounds:IsValid=true, Min=(X=2049.292 Y=-9778.493 Z=89.984), Max=(X=3970.708 Y=-8213.750 Z=1763.439) RuntimeGrid:None EditorOnly:0 RuntimeOnly:0 HLODRelevant:1
 |   |   |- Guid:9CC1CA6C47724E92DF1EDCB60CA6AC61 BaseClass: NativeClass:/Script/Landscape.LandscapeStreamingProxy Name:LandscapeStreamingProxy_8U8WYJXU2RORVIFX36HFCF02C_126_2_2_0 Label:LandscapeStreamingProxy_2_2_0 SpatiallyLoaded:1 Bounds:IsValid=true, Min=(X=0.000 Y=0.000 Z=-133.594), Max=(X=12600.000 Y=12600.000 Z=2502.344) RuntimeGrid:None EditorOnly:0 RuntimeOnly:0 HLODRelevant:1
 |   |   |- Guid:9DA662CD415F1E8C4CE070B6DEA7F845 BaseClass: NativeClass:/Script/Engine.StaticMeshActor Name:StaticMeshActor_UAID_54E1AD75FC57915501_1198496468 Label:SM_TD_Gold_Pile SpatiallyLoaded:1 Bounds:IsValid=true, Min=(X=1722.012 Y=-8769.484 Z=60.229), Max=(X=1848.727 Y=-8627.099 Z=177.946) RuntimeGrid:None EditorOnly:0 RuntimeOnly:0 HLODRelevant:1
 |   |   |- Guid:A44E8EFC48993736158FB3B3AEB6312B BaseClass: NativeClass:/Script/Landscape.LandscapeStreamingProxy Name:LandscapeStreamingProxy_8U8WYJXU2RORVIFX36HFCF02C_126_1_0_0 Label:LandscapeStreamingProxy_1_0_0 SpatiallyLoaded:1 Bounds:IsValid=true, Min=(X=-12600.000 Y=-25200.000 Z=95.312), Max=(X=0.000 Y=-12600.000 Z=2850.000) RuntimeGrid:None EditorOnly:0 RuntimeOnly:0 HLODRelevant:1
 |   |   |- Guid:AA3DEC3C4E5B69607A2FEC8C30DECB26 BaseClass: NativeClass:/Script/Engine.StaticMeshActor Name:StaticMeshActor_UAID_54E1AD75FC57915501_1205403469 Label:SM_TD_Projectile_Arrow SpatiallyLoaded:1 Bounds:IsValid=true, Min=(X=1877.597 Y=-8664.041 Z=45.663), Max=(X=1882.403 Y=-8655.964 Z=77.842) RuntimeGrid:None EditorOnly:0 RuntimeOnly:0 HLODRelevant:1
 |   |   |- Guid:AE6BC3074C5C6884FBCF8D93A98FAB7C BaseClass: NativeClass:/Script/Engine.WorldDataLayers Name:WorldDataLayers Label:WorldDataLayers SpatiallyLoaded:0 Bounds:IsValid=true, Min=(X=0.000 Y=0.000 Z=0.000), Max=(X=0.000 Y=0.000 Z=0.000) RuntimeGrid:None EditorOnly:0 RuntimeOnly:0 HLODRelevant:0
 |   |   |- Guid:AEDF0C5949BB422103473D90A211A0A8 BaseClass: NativeClass:/Script/Landscape.LandscapeStreamingProxy Name:LandscapeStreamingProxy_8U8WYJXU2RORVIFX36HFCF02C_126_0_3_0 Label:LandscapeStreamingProxy_0_3_0 SpatiallyLoaded:1 Bounds:IsValid=true, Min=(X=-25200.000 Y=12600.000 Z=0.000), Max=(X=-12600.000 Y=25200.000 Z=200.000) RuntimeGrid:None EditorOnly:0 RuntimeOnly:0 HLODRelevant:1
 |   |   |- Guid:B34962824F24703610C9AEADB0F1474D BaseClass: NativeClass:/Script/Engine.SkyLight Name:SkyLight_UAID_54E1AD75FC57905501_1530033264 Label:SkyLight SpatiallyLoaded:0 Bounds:IsValid=true, Min=(X=0.000 Y=0.000 Z=490.000), Max=(X=0.000 Y=0.000 Z=490.000) RuntimeGrid:None EditorOnly:0 RuntimeOnly:0 HLODRelevant:0 FolderPath:Lighting FolderGuid:ADDDC623436C73A77B5B3EABD49847EC
 |   |   |- Guid:B9246AC44E92DE7EAF337E915838DA5B BaseClass: NativeClass:/Script/Engine.StaticMeshActor Name:StaticMeshActor_UAID_54E1AD75FC57905501_2120159276 Label:Combined_Rocks_01b SpatiallyLoaded:1 Bounds:IsValid=true, Min=(X=-8419.449 Y=-10830.863 Z=-727.153), Max=(X=-3822.038 Y=-5120.805 Z=2186.098) RuntimeGrid:None EditorOnly:0 RuntimeOnly:0 HLODRelevant:1
 |   |   |- Guid:BD4A215B4D9968CA344385923EEDC5C9 BaseClass: NativeClass:/Script/Landscape.LandscapeStreamingProxy Name:LandscapeStreamingProxy_8U8WYJXU2RORVIFX36HFCF02C_126_3_3_0 Label:LandscapeStreamingProxy_3_3_0 SpatiallyLoaded:1 Bounds:IsValid=true, Min=(X=12600.000 Y=12600.000 Z=100.000), Max=(X=25200.000 Y=25200.000 Z=2972.656) RuntimeGrid:None EditorOnly:0 RuntimeOnly:0 HLODRelevant:1
 |   |   |- Guid:CA87FC374225F6F3D059BC958688AB0E BaseClass: NativeClass:/Script/Landscape.LandscapeStreamingProxy Name:LandscapeStreamingProxy_8U8WYJXU2RORVIFX36HFCF02C_126_0_0_0 Label:LandscapeStreamingProxy_0_0_0 SpatiallyLoaded:1 Bounds:IsValid=true, Min=(X=-25200.000 Y=-25200.000 Z=0.000), Max=(X=-12600.000 Y=-12600.000 Z=2324.219) RuntimeGrid:None EditorOnly:0 RuntimeOnly:0 HLODRelevant:1
 |   |   |- Guid:CBA2B810486F1C3CD63897867E587BE1 BaseClass: NativeClass:/Script/Landscape.Landscape Name:Landscape_UAID_54E1AD75FC57905501_1691622269 Label:Landscape SpatiallyLoaded:0 Bounds:IsValid=true, Min=(X=-25200.000 Y=-25200.000 Z=100.000), Max=(X=-25200.000 Y=-25200.000 Z=100.000) RuntimeGrid:None EditorOnly:0 RuntimeOnly:0 HLODRelevant:0
 |   |   |- Guid:CC0A089C42EB6C899BCCFFA8C14DA077 BaseClass: NativeClass:/Script/Landscape.LandscapeStreamingProxy Name:LandscapeStreamingProxy_8U8WYJXU2RORVIFX36HFCF02C_126_2_0_0 Label:LandscapeStreamingProxy_2_0_0 SpatiallyLoaded:1 Bounds:IsValid=true, Min=(X=0.000 Y=-25200.000 Z=-173.438), Max=(X=12600.000 Y=-12600.000 Z=1732.812) RuntimeGrid:None EditorOnly:0 RuntimeOnly:0 HLODRelevant:1
 |   |   |- Guid:CD3878AE4A91CE6B063B349E3A736CF2 BaseClass: NativeClass:/Script/Engine.StaticMeshActor Name:StaticMeshActor_UAID_54E1AD75FC57915501_1195346467 Label:Sm_TD_Brewery_01_Add_B2 SpatiallyLoaded:1 Bounds:IsValid=true, Min=(X=96.273 Y=-9180.871 Z=160.000), Max=(X=463.727 Y=-8779.129 Z=492.276) RuntimeGrid:None EditorOnly:0 RuntimeOnly:0 HLODRelevant:1
 |   |   |- Guid:D59E28074A7D3EDF09957A878DF4305F BaseClass: NativeClass:/Script/Engine.StaticMeshActor Name:StaticMeshActor_UAID_54E1AD75FC57915501_1128933457 Label:RTS_Env_Cliffs_CliffWall_Box SpatiallyLoaded:1 Bounds:IsValid=true, Min=(X=-530.099 Y=-8400.411 Z=200.648), Max=(X=-246.432 Y=-8085.736 Z=470.564) RuntimeGrid:None EditorOnly:0 RuntimeOnly:0 HLODRelevant:1
 |   |   |- Guid:E4EFCF494C6276E1F54C7A97B4421B11 BaseClass: NativeClass:/Script/Engine.StaticMeshActor Name:StaticMeshActor_UAID_54E1AD75FC57915501_1144049459 Label:RTS_Env_Fire_NordHeed01 SpatiallyLoaded:1 Bounds:IsValid=true, Min=(X=1316.327 Y=-8490.915 Z=59.605), Max=(X=1563.673 Y=-8304.260 Z=493.216) RuntimeGrid:None EditorOnly:0 RuntimeOnly:0 HLODRelevant:1
 |   |   |- Guid:E9C9B11A466999E9AB7D20BCAE17D6C0 BaseClass: NativeClass:/Script/Engine.StaticMeshActor Name:StaticMeshActor_UAID_54E1AD75FC57915501_1115220456 Label:plane_bulge_pivot_center SpatiallyLoaded:1 Bounds:IsValid=true, Min=(X=808.750 Y=-8121.250 Z=80.000), Max=(X=1171.250 Y=-7758.750 Z=167.145) RuntimeGrid:None EditorOnly:0 RuntimeOnly:0 HLODRelevant:1
 |   |   |- Guid:EAABBC1242A7F82BCE68D99C4BAE8AD8 BaseClass: NativeClass:/Script/Landscape.LandscapeStreamingProxy Name:LandscapeStreamingProxy_8U8WYJXU2RORVIFX36HFCF02C_126_2_1_0 Label:LandscapeStreamingProxy_2_1_0 SpatiallyLoaded:1 Bounds:IsValid=true, Min=(X=0.000 Y=-12600.000 Z=-46.875), Max=(X=12600.000 Y=0.000 Z=736.719) RuntimeGrid:None EditorOnly:0 RuntimeOnly:0 HLODRelevant:1
 |   |   |- Guid:F20E1964464D687BE504BF9F451B6DD7 BaseClass: NativeClass:/Script/Engine.StaticMeshActor Name:StaticMeshActor_UAID_54E1AD75FC57905501_2017821270 Label:ArbalesTower_StaticElement SpatiallyLoaded:1 Bounds:IsValid=true, Min=(X=117.351 Y=-8538.245 Z=166.084), Max=(X=462.645 Y=-8224.065 Z=306.965) RuntimeGrid:None EditorOnly:0 RuntimeOnly:0 HLODRelevant:1
 |   |   |- Guid:F9B9973E4A06D93A30F25EB0883FF41E BaseClass: NativeClass:/Script/Engine.StaticMeshActor Name:StaticMeshActor_UAID_54E1AD75FC57915501_1147550460 Label:RTS_Env_Ice_Fort_Trim_1 SpatiallyLoaded:1 Bounds:IsValid=true, Min=(X=1688.000 Y=-8299.997 Z=50.000), Max=(X=1752.000 Y=-8285.082 Z=91.772) RuntimeGrid:None EditorOnly:0 RuntimeOnly:0 HLODRelevant:1
 |   |   |- Guid:FAF341E04BB599EAD77344AA833255A4 BaseClass: NativeClass:/Script/Landscape.LandscapeStreamingProxy Name:LandscapeStreamingProxy_8U8WYJXU2RORVIFX36HFCF02C_126_2_3_0 Label:LandscapeStreamingProxy_2_3_0 SpatiallyLoaded:1 Bounds:IsValid=true, Min=(X=0.000 Y=12600.000 Z=0.000), Max=(X=12600.000 Y=25200.000 Z=2421.875) RuntimeGrid:None EditorOnly:0 RuntimeOnly:0 HLODRelevant:1
 |   |- [+] Clusters:
 |   |   |- [+] [  0]
 |   |   |   |- Guid:9DA662CD415F1E8C4CE070B6DEA7F845 BaseClass: NativeClass:/Script/Engine.StaticMeshActor Name:StaticMeshActor_UAID_54E1AD75FC57915501_1198496468 Label:SM_TD_Gold_Pile SpatiallyLoaded:1 Bounds:IsValid=true, Min=(X=1722.012 Y=-8769.484 Z=60.229), Max=(X=1848.727 Y=-8627.099 Z=177.946) RuntimeGrid:None EditorOnly:0 RuntimeOnly:0 HLODRelevant:1
 |   |   |- [+] [  1]
 |   |   |   |- Guid:9CACC0F34846305F4F38059F39A662AC BaseClass: NativeClass:/Script/Engine.StaticMeshActor Name:StaticMeshActor_UAID_54E1AD75FC57915501_1172049464 Label:Sm_TD_Brewery_01 SpatiallyLoaded:1 Bounds:IsValid=true, Min=(X=2049.292 Y=-9778.493 Z=89.984), Max=(X=3970.708 Y=-8213.750 Z=1763.439) RuntimeGrid:None EditorOnly:0 RuntimeOnly:0 HLODRelevant:1
 |   |   |- [+] [  2]
 |   |   |   |- Guid:AEDF0C5949BB422103473D90A211A0A8 BaseClass: NativeClass:/Script/Landscape.LandscapeStreamingProxy Name:LandscapeStreamingProxy_8U8WYJXU2RORVIFX36HFCF02C_126_0_3_0 Label:LandscapeStreamingProxy_0_3_0 SpatiallyLoaded:1 Bounds:IsValid=true, Min=(X=-25200.000 Y=12600.000 Z=0.000), Max=(X=-12600.000 Y=25200.000 Z=200.000) RuntimeGrid:None EditorOnly:0 RuntimeOnly:0 HLODRelevant:1
 |   |   |- [+] [  3]
 |   |   |   |- Guid:5C98750B4CB77FFFE7E074BCE2B11DD0 BaseClass: NativeClass:/Script/Engine.DirectionalLight Name:DirectionalLight_UAID_54E1AD75FC57905501_1546725265 Label:DirectionalLight SpatiallyLoaded:0 Bounds:IsValid=true, Min=(X=-4398046511104.000 Y=-4398046511104.000 Z=-4398046511104.000), Max=(X=4398046511104.000 Y=4398046511104.000 Z=4398046511104.000) RuntimeGrid:None EditorOnly:0 RuntimeOnly:0 HLODRelevant:0 FolderPath:Lighting FolderGuid:ADDDC623436C73A77B5B3EABD49847EC
 |   |   |- [+] [  4]
 |   |   |   |- Guid:BD4A215B4D9968CA344385923EEDC5C9 BaseClass: NativeClass:/Script/Landscape.LandscapeStreamingProxy Name:LandscapeStreamingProxy_8U8WYJXU2RORVIFX36HFCF02C_126_3_3_0 Label:LandscapeStreamingProxy_3_3_0 SpatiallyLoaded:1 Bounds:IsValid=true, Min=(X=12600.000 Y=12600.000 Z=100.000), Max=(X=25200.000 Y=25200.000 Z=2972.656) RuntimeGrid:None EditorOnly:0 RuntimeOnly:0 HLODRelevant:1
 |   |   |- [+] [  5]
 |   |   |   |- Guid:AE6BC3074C5C6884FBCF8D93A98FAB7C BaseClass: NativeClass:/Script/Engine.WorldDataLayers Name:WorldDataLayers Label:WorldDataLayers SpatiallyLoaded:0 Bounds:IsValid=true, Min=(X=0.000 Y=0.000 Z=0.000), Max=(X=0.000 Y=0.000 Z=0.000) RuntimeGrid:None EditorOnly:0 RuntimeOnly:0 HLODRelevant:0
 |   |   |- [+] [  6]
 |   |   |   |- Guid:AA3DEC3C4E5B69607A2FEC8C30DECB26 BaseClass: NativeClass:/Script/Engine.StaticMeshActor Name:StaticMeshActor_UAID_54E1AD75FC57915501_1205403469 Label:SM_TD_Projectile_Arrow SpatiallyLoaded:1 Bounds:IsValid=true, Min=(X=1877.597 Y=-8664.041 Z=45.663), Max=(X=1882.403 Y=-8655.964 Z=77.842) RuntimeGrid:None EditorOnly:0 RuntimeOnly:0 HLODRelevant:1
 |   |   |- [+] [  7]
 |   |   |   |- Guid:68A726034BD056F723701B8EC13062AD BaseClass: NativeClass:/Script/Engine.StaticMeshActor Name:StaticMeshActor_UAID_54E1AD75FC57905501_2074638274 Label:CannonTower_StaticElement SpatiallyLoaded:1 Bounds:IsValid=true, Min=(X=527.353 Y=-8498.663 Z=109.762), Max=(X=872.647 Y=-8184.483 Z=246.965) RuntimeGrid:None EditorOnly:0 RuntimeOnly:0 HLODRelevant:1
 |   |   |- [+] [  8]
 |   |   |   |- Guid:CD3878AE4A91CE6B063B349E3A736CF2 BaseClass: NativeClass:/Script/Engine.StaticMeshActor Name:StaticMeshActor_UAID_54E1AD75FC57915501_1195346467 Label:Sm_TD_Brewery_01_Add_B2 SpatiallyLoaded:1 Bounds:IsValid=true, Min=(X=96.273 Y=-9180.871 Z=160.000), Max=(X=463.727 Y=-8779.129 Z=492.276) RuntimeGrid:None EditorOnly:0 RuntimeOnly:0 HLODRelevant:1
 |   |   |- [+] [  9]
 |   |   |   |- Guid:E9C9B11A466999E9AB7D20BCAE17D6C0 BaseClass: NativeClass:/Script/Engine.StaticMeshActor Name:StaticMeshActor_UAID_54E1AD75FC57915501_1115220456 Label:plane_bulge_pivot_center SpatiallyLoaded:1 Bounds:IsValid=true, Min=(X=808.750 Y=-8121.250 Z=80.000), Max=(X=1171.250 Y=-7758.750 Z=167.145) RuntimeGrid:None EditorOnly:0 RuntimeOnly:0 HLODRelevant:1
 |   |   |- [+] [ 10]
 |   |   |   |- Guid:9B15DC784899CB578215A1A0376EC8E2 BaseClass: NativeClass:/Script/Landscape.LandscapeStreamingProxy Name:LandscapeStreamingProxy_8U8WYJXU2RORVIFX36HFCF02C_126_1_3_0 Label:LandscapeStreamingProxy_1_3_0 SpatiallyLoaded:1 Bounds:IsValid=true, Min=(X=-12600.000 Y=12600.000 Z=0.000), Max=(X=0.000 Y=25200.000 Z=2744.531) RuntimeGrid:None EditorOnly:0 RuntimeOnly:0 HLODRelevant:1
 |   |   |- [+] [ 11]
 |   |   |   |- Guid:FAF341E04BB599EAD77344AA833255A4 BaseClass: NativeClass:/Script/Landscape.LandscapeStreamingProxy Name:LandscapeStreamingProxy_8U8WYJXU2RORVIFX36HFCF02C_126_2_3_0 Label:LandscapeStreamingProxy_2_3_0 SpatiallyLoaded:1 Bounds:IsValid=true, Min=(X=0.000 Y=12600.000 Z=0.000), Max=(X=12600.000 Y=25200.000 Z=2421.875) RuntimeGrid:None EditorOnly:0 RuntimeOnly:0 HLODRelevant:1
 |   |   |- [+] [ 12]
 |   |   |   |- Guid:51A6D63942B06F14472E02AE2868250D BaseClass: NativeClass:/Script/Landscape.LandscapeStreamingProxy Name:LandscapeStreamingProxy_8U8WYJXU2RORVIFX36HFCF02C_126_3_2_0 Label:LandscapeStreamingProxy_3_2_0 SpatiallyLoaded:1 Bounds:IsValid=true, Min=(X=12600.000 Y=0.000 Z=-91.406), Max=(X=25200.000 Y=12600.000 Z=3483.594) RuntimeGrid:None EditorOnly:0 RuntimeOnly:0 HLODRelevant:1
 |   |   |- [+] [ 13]
 |   |   |   |- Guid:3FB9F11B4361A81D41D9338AFA573B84 BaseClass: NativeClass:/Script/Engine.StaticMeshActor Name:StaticMeshActor_UAID_54E1AD75FC57915501_1149902461 Label:RTS_Env_Ice_Fort_Trim_2 SpatiallyLoaded:1 Bounds:IsValid=true, Min=(X=1898.887 Y=-8300.000 Z=-3.663), Max=(X=2121.113 Y=-8266.961 Z=103.663) RuntimeGrid:None EditorOnly:0 RuntimeOnly:0 HLODRelevant:1
 |   |   |- [+] [ 14]
 |   |   |   |- Guid:822C5D154ECE345F4E8A1BBEE63F65BA BaseClass: NativeClass:/Script/Engine.VolumetricCloud Name:VolumetricCloud_UAID_54E1AD75FC57905501_1555905266 Label:VolumetricCloud SpatiallyLoaded:0 Bounds:IsValid=true, Min=(X=0.000 Y=0.000 Z=490.000), Max=(X=0.000 Y=0.000 Z=490.000) RuntimeGrid:None EditorOnly:0 RuntimeOnly:0 HLODRelevant:0 FolderPath:Lighting FolderGuid:ADDDC623436C73A77B5B3EABD49847EC
 |   |   |- [+] [ 15]
 |   |   |   |- Guid:4FF8390D4D838ABBD19C2B87067552CE BaseClass: NativeClass:/Script/Landscape.LandscapeStreamingProxy Name:LandscapeStreamingProxy_8U8WYJXU2RORVIFX36HFCF02C_126_3_1_0 Label:LandscapeStreamingProxy_3_1_0 SpatiallyLoaded:1 Bounds:IsValid=true, Min=(X=12600.000 Y=-12600.000 Z=-534.375), Max=(X=25200.000 Y=0.000 Z=287.500) RuntimeGrid:None EditorOnly:0 RuntimeOnly:0 HLODRelevant:1
 |   |   |- [+] [ 16]
 |   |   |   |- Guid:6BD4AFF4436A6591707E908378543BCB BaseClass: NativeClass:/Script/Engine.SkyAtmosphere Name:SkyAtmosphere_UAID_54E1AD75FC57905501_1563494267 Label:SkyAtmosphere SpatiallyLoaded:0 Bounds:IsValid=true, Min=(X=0.000 Y=0.000 Z=490.000), Max=(X=0.000 Y=0.000 Z=490.000) RuntimeGrid:None EditorOnly:0 RuntimeOnly:0 HLODRelevant:0 FolderPath:Lighting FolderGuid:ADDDC623436C73A77B5B3EABD49847EC
 |   |   |- [+] [ 17]
 |   |   |   |- Guid:2906E34948F20FA7F5CAC2B88D2D0BEA BaseClass: NativeClass:/Script/Landscape.LandscapeStreamingProxy Name:LandscapeStreamingProxy_8U8WYJXU2RORVIFX36HFCF02C_126_1_2_0 Label:LandscapeStreamingProxy_1_2_0 SpatiallyLoaded:1 Bounds:IsValid=true, Min=(X=-12600.000 Y=0.000 Z=-288.281), Max=(X=0.000 Y=12600.000 Z=2767.969) RuntimeGrid:None EditorOnly:0 RuntimeOnly:0 HLODRelevant:1
 |   |   |- [+] [ 18]
 |   |   |   |- Guid:CC0A089C42EB6C899BCCFFA8C14DA077 BaseClass: NativeClass:/Script/Landscape.LandscapeStreamingProxy Name:LandscapeStreamingProxy_8U8WYJXU2RORVIFX36HFCF02C_126_2_0_0 Label:LandscapeStreamingProxy_2_0_0 SpatiallyLoaded:1 Bounds:IsValid=true, Min=(X=0.000 Y=-25200.000 Z=-173.438), Max=(X=12600.000 Y=-12600.000 Z=1732.812) RuntimeGrid:None EditorOnly:0 RuntimeOnly:0 HLODRelevant:1
 |   |   |- [+] [ 19]
 |   |   |   |- Guid:187FF52D4CBDE3504AE1D0B3E740F36E BaseClass: NativeClass:/Script/Landscape.LandscapeStreamingProxy Name:LandscapeStreamingProxy_8U8WYJXU2RORVIFX36HFCF02C_126_0_2_0 Label:LandscapeStreamingProxy_0_2_0 SpatiallyLoaded:1 Bounds:IsValid=true, Min=(X=-25200.000 Y=0.000 Z=0.000), Max=(X=-12600.000 Y=12600.000 Z=1686.719) RuntimeGrid:None EditorOnly:0 RuntimeOnly:0 HLODRelevant:1
 |   |   |- [+] [ 20]
 |   |   |   |- Guid:315F2D604CA166F2EC5563B8AD8C8592 BaseClass: NativeClass:/Script/Landscape.LandscapeStreamingProxy Name:LandscapeStreamingProxy_8U8WYJXU2RORVIFX36HFCF02C_126_0_1_0 Label:LandscapeStreamingProxy_0_1_0 SpatiallyLoaded:1 Bounds:IsValid=true, Min=(X=-25200.000 Y=-12600.000 Z=100.000), Max=(X=-12600.000 Y=0.000 Z=2810.156) RuntimeGrid:None EditorOnly:0 RuntimeOnly:0 HLODRelevant:1
 |   |   |- [+] [ 21]
 |   |   |   |- Guid:B9246AC44E92DE7EAF337E915838DA5B BaseClass: NativeClass:/Script/Engine.StaticMeshActor Name:StaticMeshActor_UAID_54E1AD75FC57905501_2120159276 Label:Combined_Rocks_01b SpatiallyLoaded:1 Bounds:IsValid=true, Min=(X=-8419.449 Y=-10830.863 Z=-727.153), Max=(X=-3822.038 Y=-5120.805 Z=2186.098) RuntimeGrid:None EditorOnly:0 RuntimeOnly:0 HLODRelevant:1
 |   |   |- [+] [ 22]
 |   |   |   |- Guid:253F10E341D06A14820E60AFC3A67C7B BaseClass: NativeClass:/Script/Engine.StaticMeshActor Name:StaticMeshActor_UAID_54E1AD75FC57915501_1141989458 Label:RTS_Env_Fire_GrimStatue002 SpatiallyLoaded:1 Bounds:IsValid=true, Min=(X=1133.046 Y=-8400.001 Z=60.000), Max=(X=1206.954 Y=-8329.501 Z=187.160) RuntimeGrid:None EditorOnly:0 RuntimeOnly:0 HLODRelevant:1
 |   |   |- [+] [ 23]
 |   |   |   |- Guid:CBA2B810486F1C3CD63897867E587BE1 BaseClass: NativeClass:/Script/Landscape.Landscape Name:Landscape_UAID_54E1AD75FC57905501_1691622269 Label:Landscape SpatiallyLoaded:0 Bounds:IsValid=true, Min=(X=-25200.000 Y=-25200.000 Z=100.000), Max=(X=-25200.000 Y=-25200.000 Z=100.000) RuntimeGrid:None EditorOnly:0 RuntimeOnly:0 HLODRelevant:0
 |   |   |- [+] [ 24]
 |   |   |   |- Guid:EAABBC1242A7F82BCE68D99C4BAE8AD8 BaseClass: NativeClass:/Script/Landscape.LandscapeStreamingProxy Name:LandscapeStreamingProxy_8U8WYJXU2RORVIFX36HFCF02C_126_2_1_0 Label:LandscapeStreamingProxy_2_1_0 SpatiallyLoaded:1 Bounds:IsValid=true, Min=(X=0.000 Y=-12600.000 Z=-46.875), Max=(X=12600.000 Y=0.000 Z=736.719) RuntimeGrid:None EditorOnly:0 RuntimeOnly:0 HLODRelevant:1
 |   |   |- [+] [ 25]
 |   |   |   |- Guid:A44E8EFC48993736158FB3B3AEB6312B BaseClass: NativeClass:/Script/Landscape.LandscapeStreamingProxy Name:LandscapeStreamingProxy_8U8WYJXU2RORVIFX36HFCF02C_126_1_0_0 Label:LandscapeStreamingProxy_1_0_0 SpatiallyLoaded:1 Bounds:IsValid=true, Min=(X=-12600.000 Y=-25200.000 Z=95.312), Max=(X=0.000 Y=-12600.000 Z=2850.000) RuntimeGrid:None EditorOnly:0 RuntimeOnly:0 HLODRelevant:1
 |   |   |- [+] [ 26]
 |   |   |   |- Guid:9CC1CA6C47724E92DF1EDCB60CA6AC61 BaseClass: NativeClass:/Script/Landscape.LandscapeStreamingProxy Name:LandscapeStreamingProxy_8U8WYJXU2RORVIFX36HFCF02C_126_2_2_0 Label:LandscapeStreamingProxy_2_2_0 SpatiallyLoaded:1 Bounds:IsValid=true, Min=(X=0.000 Y=0.000 Z=-133.594), Max=(X=12600.000 Y=12600.000 Z=2502.344) RuntimeGrid:None EditorOnly:0 RuntimeOnly:0 HLODRelevant:1
 |   |   |- [+] [ 27]
 |   |   |   |- Guid:28EE879145A32499966255B8BC0C213F BaseClass: NativeClass:/Script/Landscape.LandscapeStreamingProxy Name:LandscapeStreamingProxy_8U8WYJXU2RORVIFX36HFCF02C_126_1_1_0 Label:LandscapeStreamingProxy_1_1_0 SpatiallyLoaded:1 Bounds:IsValid=true, Min=(X=-12600.000 Y=-12600.000 Z=71.875), Max=(X=0.000 Y=0.000 Z=2605.469) RuntimeGrid:None EditorOnly:0 RuntimeOnly:0 HLODRelevant:1
 |   |   |- [+] [ 28]
 |   |   |   |- Guid:F9B9973E4A06D93A30F25EB0883FF41E BaseClass: NativeClass:/Script/Engine.StaticMeshActor Name:StaticMeshActor_UAID_54E1AD75FC57915501_1147550460 Label:RTS_Env_Ice_Fort_Trim_1 SpatiallyLoaded:1 Bounds:IsValid=true, Min=(X=1688.000 Y=-8299.997 Z=50.000), Max=(X=1752.000 Y=-8285.082 Z=91.772) RuntimeGrid:None EditorOnly:0 RuntimeOnly:0 HLODRelevant:1
 |   |   |- [+] [ 29]
 |   |   |   |- Guid:F20E1964464D687BE504BF9F451B6DD7 BaseClass: NativeClass:/Script/Engine.StaticMeshActor Name:StaticMeshActor_UAID_54E1AD75FC57905501_2017821270 Label:ArbalesTower_StaticElement SpatiallyLoaded:1 Bounds:IsValid=true, Min=(X=117.351 Y=-8538.245 Z=166.084), Max=(X=462.645 Y=-8224.065 Z=306.965) RuntimeGrid:None EditorOnly:0 RuntimeOnly:0 HLODRelevant:1
 |   |   |- [+] [ 30]
 |   |   |   |- Guid:8142A10C42351E49BAF40DB592569035 BaseClass: NativeClass:/Script/Landscape.LandscapeStreamingProxy Name:LandscapeStreamingProxy_8U8WYJXU2RORVIFX36HFCF02C_126_3_0_0 Label:LandscapeStreamingProxy_3_0_0 SpatiallyLoaded:1 Bounds:IsValid=true, Min=(X=12600.000 Y=-25200.000 Z=-996.875), Max=(X=25200.000 Y=-12600.000 Z=498.438) RuntimeGrid:None EditorOnly:0 RuntimeOnly:0 HLODRelevant:1
 |   |   |- [+] [ 31]
 |   |   |   |- Guid:D59E28074A7D3EDF09957A878DF4305F BaseClass: NativeClass:/Script/Engine.StaticMeshActor Name:StaticMeshActor_UAID_54E1AD75FC57915501_1128933457 Label:RTS_Env_Cliffs_CliffWall_Box SpatiallyLoaded:1 Bounds:IsValid=true, Min=(X=-530.099 Y=-8400.411 Z=200.648), Max=(X=-246.432 Y=-8085.736 Z=470.564) RuntimeGrid:None EditorOnly:0 RuntimeOnly:0 HLODRelevant:1
 |   |   |- [+] [ 32]
 |   |   |   |- Guid:28A79DFD41AA78B86AE7CBBC8911271A BaseClass: NativeClass:/Script/Engine.ExponentialHeightFog Name:ExponentialHeightFog_UAID_54E1AD75FC57905501_1567633268 Label:ExponentialHeightFog SpatiallyLoaded:0 Bounds:IsValid=true, Min=(X=0.000 Y=0.000 Z=490.000), Max=(X=0.000 Y=0.000 Z=490.000) RuntimeGrid:None EditorOnly:0 RuntimeOnly:0 HLODRelevant:0 FolderPath:Lighting FolderGuid:ADDDC623436C73A77B5B3EABD49847EC
 |   |   |- [+] [ 33]
 |   |   |   |- Guid:5B7CA67640D58F14CDDB14AC719E4E57 BaseClass: NativeClass:/Script/Engine.StaticMeshActor Name:StaticMeshActor_UAID_54E1AD75FC57915501_1183886465 Label:Sm_TD_Brewery_01_Add_A SpatiallyLoaded:1 Bounds:IsValid=true, Min=(X=1036.273 Y=-9170.871 Z=70.000), Max=(X=1403.727 Y=-8769.129 Z=402.276) RuntimeGrid:None EditorOnly:0 RuntimeOnly:0 HLODRelevant:1
 |   |   |- [+] [ 34]
 |   |   |   |- Guid:E4EFCF494C6276E1F54C7A97B4421B11 BaseClass: NativeClass:/Script/Engine.StaticMeshActor Name:StaticMeshActor_UAID_54E1AD75FC57915501_1144049459 Label:RTS_Env_Fire_NordHeed01 SpatiallyLoaded:1 Bounds:IsValid=true, Min=(X=1316.327 Y=-8490.915 Z=59.605), Max=(X=1563.673 Y=-8304.260 Z=493.216) RuntimeGrid:None EditorOnly:0 RuntimeOnly:0 HLODRelevant:1
 |   |   |- [+] [ 35]
 |   |   |   |- Guid:3C620F4C4520E0E602D9BB8AEF9B5B8A BaseClass: NativeClass:/Script/Engine.StaticMeshActor Name:StaticMeshActor_UAID_54E1AD75FC57915501_1191453466 Label:Sm_TD_Brewery_01_Add_B SpatiallyLoaded:1 Bounds:IsValid=true, Min=(X=511.700 Y=-9221.345 Z=119.408), Max=(X=879.155 Y=-8819.603 Z=451.684) RuntimeGrid:None EditorOnly:0 RuntimeOnly:0 HLODRelevant:1
 |   |   |- [+] [ 36]
 |   |   |   |- Guid:B34962824F24703610C9AEADB0F1474D BaseClass: NativeClass:/Script/Engine.SkyLight Name:SkyLight_UAID_54E1AD75FC57905501_1530033264 Label:SkyLight SpatiallyLoaded:0 Bounds:IsValid=true, Min=(X=0.000 Y=0.000 Z=490.000), Max=(X=0.000 Y=0.000 Z=490.000) RuntimeGrid:None EditorOnly:0 RuntimeOnly:0 HLODRelevant:0 FolderPath:Lighting FolderGuid:ADDDC623436C73A77B5B3EABD49847EC
 |   |   |- [+] [ 37]
 |   |   |   |- Guid:CA87FC374225F6F3D059BC958688AB0E BaseClass: NativeClass:/Script/Landscape.LandscapeStreamingProxy Name:LandscapeStreamingProxy_8U8WYJXU2RORVIFX36HFCF02C_126_0_0_0 Label:LandscapeStreamingProxy_0_0_0 SpatiallyLoaded:1 Bounds:IsValid=true, Min=(X=-25200.000 Y=-25200.000 Z=0.000), Max=(X=-12600.000 Y=-12600.000 Z=2324.219) RuntimeGrid:None EditorOnly:0 RuntimeOnly:0 HLODRelevant:1
 |   |   |- [+] [ 38]
 |   |   |   |- Guid:4E8010294A1F6317CB71A39B8F15D33F BaseClass: NativeClass:/Script/Engine.PlayerStart Name:PlayerStart_UAID_54E1AD75FC57995501_1510328847 Label:PlayerStart SpatiallyLoaded:0 Bounds:IsValid=true, Min=(X=166.244 Y=-8100.775 Z=207.050), Max=(X=246.244 Y=-8020.775 Z=391.050) RuntimeGrid:None EditorOnly:0 RuntimeOnly:0 HLODRelevant:0
 |- ContainerInstances:
 |- [+] MainContainer:
 |   |-        ID: 0x0000000000000000
 |   |-    Bounds: IsValid=true, Min=(X=-25200.000 Y=-25200.000 Z=-996.875), Max=(X=25200.000 Y=25200.000 Z=3483.594)
 |   |- Transform: 0.000000,0.000000,0.000000|0.000000,0.000000,-0.000000|1.000000,1.000000,1.000000
 |   |- Container: /Game/Game/Maps/RockyLevel
----------------------------------------------------------------------------------------------------------------
RockyLevel - Persistent Level
----------------------------------------------------------------------------------------------------------------
Always loaded Actor Count: 51 

----------------------------------------------------------------------------------------------------------------
RockyLevel - Runtime Spatial Hash - Streaming Grid - MainGrid
----------------------------------------------------------------------------------------------------------------
            Origin: X=0.000 Y=0.000 Z=0.000
         Cell Size: 12800
      World Bounds: IsValid=true, Min=(X=-25200.000 Y=-25200.000 Z=-996.875), Max=(X=25200.000 Y=25200.000 Z=3483.594)
     Loading Range: 25600.00
Block Slow Loading: No
 ClientOnlyVisible: No

[+] Grid Levels: 3
 |- Level  0: Cell Count   16 | Cell Size   12800 | Actor Count   31 (100.0%)
 |- Level  1: Cell Count    0 | Cell Size   25600 | Actor Count    0 (0.0%)
 |- Level  2: Cell Count    0 | Cell Size   51200 | Actor Count    0 (0.0%)

[+] Content of Grid Level 0
 |- [+] Content of Cell MainGrid_L0_X0_Y-1
 |   |- Actor Count: 14
 |   |- MinMaxZ: X=-46.875 Y=1763.439
 |   |- Actor Path: /Game/Game/Maps/RockyLevel.RockyLevel:PersistentLevel.StaticMeshActor_UAID_54E1AD75FC57915501_1198496468
 |   |- Actor Package: /Game/__ExternalActors__/Game/Maps/RockyLevel/0/25/W0JRSU4Q3T9H8LQ0G3LGU4
 |   |- Actor Path: /Game/Game/Maps/RockyLevel.RockyLevel:PersistentLevel.StaticMeshActor_UAID_54E1AD75FC57915501_1172049464
 |   |- Actor Package: /Game/__ExternalActors__/Game/Maps/RockyLevel/0/EL/C3M3UDI1G7UV0Y7UGOJVF7
 |   |- Actor Path: /Game/Game/Maps/RockyLevel.RockyLevel:PersistentLevel.StaticMeshActor_UAID_54E1AD75FC57915501_1205403469
 |   |- Actor Package: /Game/__ExternalActors__/Game/Maps/RockyLevel/1/VS/JPKAB4YU0SMY3D9H05YM0G
 |   |- Actor Path: /Game/Game/Maps/RockyLevel.RockyLevel:PersistentLevel.StaticMeshActor_UAID_54E1AD75FC57905501_2074638274
 |   |- Actor Package: /Game/__ExternalActors__/Game/Maps/RockyLevel/2/7D/EBO0WQOAI38DSSEFEK9RHV
 |   |- Actor Path: /Game/Game/Maps/RockyLevel.RockyLevel:PersistentLevel.StaticMeshActor_UAID_54E1AD75FC57915501_1195346467
 |   |- Actor Package: /Game/__ExternalActors__/Game/Maps/RockyLevel/2/EB/G57DYMAAF1FGVC32MTRAVN
 |   |- Actor Path: /Game/Game/Maps/RockyLevel.RockyLevel:PersistentLevel.StaticMeshActor_UAID_54E1AD75FC57915501_1115220456
 |   |- Actor Package: /Game/__ExternalActors__/Game/Maps/RockyLevel/3/1U/J220D86A5K6MRU6CF7OGD8
 |   |- Actor Path: /Game/Game/Maps/RockyLevel.RockyLevel:PersistentLevel.StaticMeshActor_UAID_54E1AD75FC57915501_1149902461
 |   |- Actor Package: /Game/__ExternalActors__/Game/Maps/RockyLevel/4/NV/874E1WCQWQ49R9BHM4FUAT
 |   |- Actor Path: /Game/Game/Maps/RockyLevel.RockyLevel:PersistentLevel.StaticMeshActor_UAID_54E1AD75FC57915501_1141989458
 |   |- Actor Package: /Game/__ExternalActors__/Game/Maps/RockyLevel/9/V1/SIAOQWVVVC7GHZBS5R5Y68
 |   |- Actor Path: /Game/Game/Maps/RockyLevel.RockyLevel:PersistentLevel.LandscapeStreamingProxy_8U8WYJXU2RORVIFX36HFCF02C_126_2_1_0
 |   |- Actor Package: /Game/__ExternalActors__/Game/Maps/RockyLevel/A/CW/5F2O6IGU32AFNMZYGRLX42
 |   |- Actor Path: /Game/Game/Maps/RockyLevel.RockyLevel:PersistentLevel.StaticMeshActor_UAID_54E1AD75FC57915501_1147550460
 |   |- Actor Package: /Game/__ExternalActors__/Game/Maps/RockyLevel/C/9V/VGZ9BDADOTA2YFR6SIM3N6
 |   |- Actor Path: /Game/Game/Maps/RockyLevel.RockyLevel:PersistentLevel.StaticMeshActor_UAID_54E1AD75FC57905501_2017821270
 |   |- Actor Package: /Game/__ExternalActors__/Game/Maps/RockyLevel/C/ID/DKMRNC0Z1ZL629IEH4AZUM
 |   |- Actor Path: /Game/Game/Maps/RockyLevel.RockyLevel:PersistentLevel.StaticMeshActor_UAID_54E1AD75FC57915501_1183886465
 |   |- Actor Package: /Game/__ExternalActors__/Game/Maps/RockyLevel/D/TH/LV02WWKBF4026MCJ1ME176
 |   |- Actor Path: /Game/Game/Maps/RockyLevel.RockyLevel:PersistentLevel.StaticMeshActor_UAID_54E1AD75FC57915501_1144049459
 |   |- Actor Package: /Game/__ExternalActors__/Game/Maps/RockyLevel/E/57/4N58155VDND15WR1M1GBHX
 |   |- Actor Path: /Game/Game/Maps/RockyLevel.RockyLevel:PersistentLevel.StaticMeshActor_UAID_54E1AD75FC57915501_1191453466
 |   |- Actor Package: /Game/__ExternalActors__/Game/Maps/RockyLevel/E/LV/B2U68ZTD0MLFS1QBBCKMCK
 |- [+] Content of Cell MainGrid_L0_X-2_Y1
 |   |- Actor Count: 1
 |   |- MinMaxZ: X=0.000 Y=200.000
 |   |- Actor Path: /Game/Game/Maps/RockyLevel.RockyLevel:PersistentLevel.LandscapeStreamingProxy_8U8WYJXU2RORVIFX36HFCF02C_126_0_3_0
 |   |- Actor Package: /Game/__ExternalActors__/Game/Maps/RockyLevel/0/P5/A4FY0CY6QUSHTN1VZSUNBM
 |- [+] Content of Cell MainGrid_L0_X1_Y1
 |   |- Actor Count: 1
 |   |- MinMaxZ: X=100.000 Y=2972.656
 |   |- Actor Path: /Game/Game/Maps/RockyLevel.RockyLevel:PersistentLevel.LandscapeStreamingProxy_8U8WYJXU2RORVIFX36HFCF02C_126_3_3_0
 |   |- Actor Package: /Game/__ExternalActors__/Game/Maps/RockyLevel/1/CF/FYWWBX80PEPF6A3Y1A3XPE
 |- [+] Content of Cell MainGrid_L0_X-1_Y1
 |   |- Actor Count: 1
 |   |- MinMaxZ: X=0.000 Y=2744.531
 |   |- Actor Path: /Game/Game/Maps/RockyLevel.RockyLevel:PersistentLevel.LandscapeStreamingProxy_8U8WYJXU2RORVIFX36HFCF02C_126_1_3_0
 |   |- Actor Package: /Game/__ExternalActors__/Game/Maps/RockyLevel/3/9D/5OJ5EPQ2CY5R0WT7YSFRA4
 |- [+] Content of Cell MainGrid_L0_X0_Y1
 |   |- Actor Count: 1
 |   |- MinMaxZ: X=0.000 Y=2421.875
 |   |- Actor Path: /Game/Game/Maps/RockyLevel.RockyLevel:PersistentLevel.LandscapeStreamingProxy_8U8WYJXU2RORVIFX36HFCF02C_126_2_3_0
 |   |- Actor Package: /Game/__ExternalActors__/Game/Maps/RockyLevel/3/LL/BHU4Z069Q9MXHOLDBL35RC
 |- [+] Content of Cell MainGrid_L0_X1_Y0
 |   |- Actor Count: 1
 |   |- MinMaxZ: X=-91.406 Y=3483.594
 |   |- Actor Path: /Game/Game/Maps/RockyLevel.RockyLevel:PersistentLevel.LandscapeStreamingProxy_8U8WYJXU2RORVIFX36HFCF02C_126_3_2_0
 |   |- Actor Package: /Game/__ExternalActors__/Game/Maps/RockyLevel/3/PP/XC25HNWA0DKBISFO49FWMS
 |- [+] Content of Cell MainGrid_L0_X1_Y-1
 |   |- Actor Count: 1
 |   |- MinMaxZ: X=-534.375 Y=287.500
 |   |- Actor Path: /Game/Game/Maps/RockyLevel.RockyLevel:PersistentLevel.LandscapeStreamingProxy_8U8WYJXU2RORVIFX36HFCF02C_126_3_1_0
 |   |- Actor Package: /Game/__ExternalActors__/Game/Maps/RockyLevel/5/Y4/BSLEZEMW72FHBFDNGM3G2E
 |- [+] Content of Cell MainGrid_L0_X-1_Y0
 |   |- Actor Count: 1
 |   |- MinMaxZ: X=-288.281 Y=2767.969
 |   |- Actor Path: /Game/Game/Maps/RockyLevel.RockyLevel:PersistentLevel.LandscapeStreamingProxy_8U8WYJXU2RORVIFX36HFCF02C_126_1_2_0
 |   |- Actor Package: /Game/__ExternalActors__/Game/Maps/RockyLevel/6/NG/5NGY2IZCFPKH6GEW91ADAT
 |- [+] Content of Cell MainGrid_L0_X0_Y-2
 |   |- Actor Count: 1
 |   |- MinMaxZ: X=-173.438 Y=1732.812
 |   |- Actor Path: /Game/Game/Maps/RockyLevel.RockyLevel:PersistentLevel.LandscapeStreamingProxy_8U8WYJXU2RORVIFX36HFCF02C_126_2_0_0
 |   |- Actor Package: /Game/__ExternalActors__/Game/Maps/RockyLevel/7/0Q/IQ2O2CALYCWOSYMT00XPWD
 |- [+] Content of Cell MainGrid_L0_X-2_Y0
 |   |- Actor Count: 1
 |   |- MinMaxZ: X=0.000 Y=1686.719
 |   |- Actor Path: /Game/Game/Maps/RockyLevel.RockyLevel:PersistentLevel.LandscapeStreamingProxy_8U8WYJXU2RORVIFX36HFCF02C_126_0_2_0
 |   |- Actor Package: /Game/__ExternalActors__/Game/Maps/RockyLevel/8/67/KBQZ7FBMKBZLFLL8H4FCB2
 |- [+] Content of Cell MainGrid_L0_X-2_Y-1
 |   |- Actor Count: 1
 |   |- MinMaxZ: X=100.000 Y=2810.156
 |   |- Actor Path: /Game/Game/Maps/RockyLevel.RockyLevel:PersistentLevel.LandscapeStreamingProxy_8U8WYJXU2RORVIFX36HFCF02C_126_0_1_0
 |   |- Actor Package: /Game/__ExternalActors__/Game/Maps/RockyLevel/9/9F/C70OP1PZ2S8OOESHH74TRD
 |- [+] Content of Cell MainGrid_L0_X-1_Y-1
 |   |- Actor Count: 3
 |   |- MinMaxZ: X=-727.153 Y=2605.469
 |   |- Actor Path: /Game/Game/Maps/RockyLevel.RockyLevel:PersistentLevel.StaticMeshActor_UAID_54E1AD75FC57905501_2120159276
 |   |- Actor Package: /Game/__ExternalActors__/Game/Maps/RockyLevel/9/B9/P5IU6IBP57IZE9MC1JEE7W
 |   |- Actor Path: /Game/Game/Maps/RockyLevel.RockyLevel:PersistentLevel.LandscapeStreamingProxy_8U8WYJXU2RORVIFX36HFCF02C_126_1_1_0
 |   |- Actor Package: /Game/__ExternalActors__/Game/Maps/RockyLevel/B/YA/UTFRWT7VTG7T17FY6CVUK3
 |   |- Actor Path: /Game/Game/Maps/RockyLevel.RockyLevel:PersistentLevel.StaticMeshActor_UAID_54E1AD75FC57915501_1128933457
 |   |- Actor Package: /Game/__ExternalActors__/Game/Maps/RockyLevel/D/DL/FFID06OGHGX419I5LDSV31
 |- [+] Content of Cell MainGrid_L0_X-1_Y-2
 |   |- Actor Count: 1
 |   |- MinMaxZ: X=95.312 Y=2850.000
 |   |- Actor Path: /Game/Game/Maps/RockyLevel.RockyLevel:PersistentLevel.LandscapeStreamingProxy_8U8WYJXU2RORVIFX36HFCF02C_126_1_0_0
 |   |- Actor Package: /Game/__ExternalActors__/Game/Maps/RockyLevel/A/DT/EEV6S68ZPBENEAVONEM0NO
 |- [+] Content of Cell MainGrid_L0_X0_Y0
 |   |- Actor Count: 1
 |   |- MinMaxZ: X=-133.594 Y=2502.344
 |   |- Actor Path: /Game/Game/Maps/RockyLevel.RockyLevel:PersistentLevel.LandscapeStreamingProxy_8U8WYJXU2RORVIFX36HFCF02C_126_2_2_0
 |   |- Actor Package: /Game/__ExternalActors__/Game/Maps/RockyLevel/B/SJ/VEV0D31Z6L7USV2521XALC
 |- [+] Content of Cell MainGrid_L0_X1_Y-2
 |   |- Actor Count: 1
 |   |- MinMaxZ: X=-996.875 Y=498.438
 |   |- Actor Path: /Game/Game/Maps/RockyLevel.RockyLevel:PersistentLevel.LandscapeStreamingProxy_8U8WYJXU2RORVIFX36HFCF02C_126_3_0_0
 |   |- Actor Package: /Game/__ExternalActors__/Game/Maps/RockyLevel/D/0U/UKUYXO17EOVOHIB2QQGZ51
 |- [+] Content of Cell MainGrid_L0_X-2_Y-2
 |   |- Actor Count: 1
 |   |- MinMaxZ: X=0.000 Y=2324.219
 |   |- Actor Path: /Game/Game/Maps/RockyLevel.RockyLevel:PersistentLevel.LandscapeStreamingProxy_8U8WYJXU2RORVIFX36HFCF02C_126_0_0_0
 |   |- Actor Package: /Game/__ExternalActors__/Game/Maps/RockyLevel/F/1H/6XXU3MR6ARH0SUARQ7F6G2
[+] Content of Grid Level 1
[+] Content of Grid Level 2

